2025-03-19 09:51:55.905 - INFO - 程序启动，日志文件路径：D:\privategit\Sequoia\tests\logs\2025-03-19.log
2025-03-19 09:53:12.053 - INFO - 程序启动，日志文件路径：D:\privategit\Sequoia\tests\logs\2025-03-19.log
2025-03-19 09:53:12.053 - INFO - ------------------------------------ 2025-03-19 09:53:12 ---------------------------------------------- 

2025-03-19 09:53:12.849 - INFO - [2025-03-19 09:53:12] [0.80s] 拓维信息(002261) 当前价: 34.75 | 涨跌幅: -0.63% | 市场: A股
2025-03-19 09:53:13.356 - INFO - [2025-03-19 09:53:13] [0.00s] 浪潮信息(000977) 当前价: 59.26 | 涨跌幅: -0.99% | 市场: A股
2025-03-19 09:53:15.123 - INFO - [2025-03-19 09:53:15] [1.26s] 东湖高新(600133) 当前价: 10.14 | 涨跌幅: -1.07% | 市场: A股
2025-03-19 09:53:15.628 - INFO - [2025-03-19 09:53:15] [0.01s] 用友网络(600588) 当前价: 16.96 | 涨跌幅: -1.05% | 市场: A股
2025-03-19 09:53:16.145 - INFO - [2025-03-19 09:53:16] [0.01s] 隆基绿能(601012) 当前价: 17.72 | 涨跌幅: -1.01% | 市场: A股
2025-03-19 09:53:16.659 - INFO - [2025-03-19 09:53:16] [0.00s] 光明乳业(600597) 当前价: 8.7 | 涨跌幅: -0.91% | 市场: A股
2025-03-19 09:54:03.525 - INFO - 程序启动，日志文件路径：D:\privategit\Sequoia\tests\logs\2025-03-19.log
2025-03-19 09:54:03.525 - INFO - ------------------------------------ 2025-03-19 09:54:03 ---------------------------------------------- 

2025-03-19 09:54:04.312 - INFO - [2025-03-19 09:54:04] [0.79s] 拓维信息(002261) 当前价: 34.72 | 涨跌幅: -0.71% | 市场: A股
2025-03-19 09:54:04.825 - INFO - [2025-03-19 09:54:04] [0.01s] 浪潮信息(000977) 当前价: 59.21 | 涨跌幅: -1.07% | 市场: A股
2025-03-19 09:54:06.130 - INFO - [2025-03-19 09:54:06] [0.79s] 东湖高新(600133) 当前价: 10.14 | 涨跌幅: -1.07% | 市场: A股
2025-03-19 09:54:06.646 - INFO - [2025-03-19 09:54:06] [0.00s] 用友网络(600588) 当前价: 16.96 | 涨跌幅: -1.05% | 市场: A股
2025-03-19 09:54:07.163 - INFO - [2025-03-19 09:54:07] [0.00s] 隆基绿能(601012) 当前价: 17.71 | 涨跌幅: -1.06% | 市场: A股
2025-03-19 09:54:07.677 - INFO - [2025-03-19 09:54:07] [0.00s] 光明乳业(600597) 当前价: 8.7 | 涨跌幅: -0.91% | 市场: A股
2025-03-19 09:57:03.538 - INFO - ------------------------------------ 2025-03-19 09:57:03 ---------------------------------------------- 

2025-03-19 09:57:04.936 - INFO - [2025-03-19 09:57:04] [1.40s] 拓维信息(002261) 当前价: 34.65 | 涨跌幅: -0.92% | 市场: A股
2025-03-19 09:57:05.444 - INFO - [2025-03-19 09:57:05] [0.00s] 浪潮信息(000977) 当前价: 59.09 | 涨跌幅: -1.27% | 市场: A股
2025-03-19 09:57:06.649 - INFO - [2025-03-19 09:57:06] [0.70s] 东湖高新(600133) 当前价: 10.11 | 涨跌幅: -1.37% | 市场: A股
2025-03-19 09:57:07.161 - INFO - [2025-03-19 09:57:07] [0.00s] 用友网络(600588) 当前价: 16.93 | 涨跌幅: -1.23% | 市场: A股
2025-03-19 09:57:07.675 - INFO - [2025-03-19 09:57:07] [0.00s] 隆基绿能(601012) 当前价: 17.73 | 涨跌幅: -0.95% | 市场: A股
2025-03-19 09:57:08.178 - INFO - [2025-03-19 09:57:08] [0.00s] 光明乳业(600597) 当前价: 8.69 | 涨跌幅: -1.03% | 市场: A股
2025-03-19 10:00:03.555 - INFO - ------------------------------------ 2025-03-19 10:00:03 ---------------------------------------------- 

2025-03-19 10:00:04.576 - INFO - [2025-03-19 10:00:04] [1.02s] 拓维信息(002261) 当前价: 34.66 | 涨跌幅: -0.89% | 市场: A股
2025-03-19 10:00:05.082 - INFO - [2025-03-19 10:00:05] [0.00s] 浪潮信息(000977) 当前价: 58.87 | 涨跌幅: -1.64% | 市场: A股
2025-03-19 10:00:06.491 - INFO - [2025-03-19 10:00:06] [0.90s] 东湖高新(600133) 当前价: 10.07 | 涨跌幅: -1.76% | 市场: A股
2025-03-19 10:00:06.994 - INFO - [2025-03-19 10:00:06] [0.00s] 用友网络(600588) 当前价: 16.81 | 涨跌幅: -1.93% | 市场: A股
2025-03-19 10:00:07.499 - INFO - [2025-03-19 10:00:07] [0.00s] 隆基绿能(601012) 当前价: 17.7 | 涨跌幅: -1.12% | 市场: A股
2025-03-19 10:00:08.012 - INFO - [2025-03-19 10:00:08] [0.00s] 光明乳业(600597) 当前价: 8.69 | 涨跌幅: -1.03% | 市场: A股
2025-03-19 10:03:03.566 - INFO - ------------------------------------ 2025-03-19 10:03:03 ---------------------------------------------- 

2025-03-19 10:03:04.688 - INFO - [2025-03-19 10:03:04] [1.12s] 拓维信息(002261) 当前价: 34.58 | 涨跌幅: -1.12% | 市场: A股
2025-03-19 10:03:05.193 - INFO - [2025-03-19 10:03:05] [0.00s] 浪潮信息(000977) 当前价: 58.91 | 涨跌幅: -1.57% | 市场: A股
2025-03-19 10:03:06.875 - INFO - [2025-03-19 10:03:06] [1.17s] 东湖高新(600133) 当前价: 10.08 | 涨跌幅: -1.66% | 市场: A股
2025-03-19 10:03:07.390 - INFO - [2025-03-19 10:03:07] [0.00s] 用友网络(600588) 当前价: 16.83 | 涨跌幅: -1.81% | 市场: A股
2025-03-19 10:03:07.902 - INFO - [2025-03-19 10:03:07] [0.00s] 隆基绿能(601012) 当前价: 17.67 | 涨跌幅: -1.28% | 市场: A股
2025-03-19 10:03:08.409 - INFO - [2025-03-19 10:03:08] [0.00s] 光明乳业(600597) 当前价: 8.68 | 涨跌幅: -1.14% | 市场: A股
2025-03-19 10:04:11.698 - INFO - 程序启动，日志文件路径：D:\privategit\Sequoia\tests\logs\2025-03-19.log
2025-03-19 10:04:11.698 - INFO - ------------------------------------ 2025-03-19 10:04:11 ---------------------------------------------- 

2025-03-19 10:04:13.141 - INFO - [2025-03-19 10:04:13] [1.44s] 拓维信息(002261) 当前价: 34.57 | 涨跌幅: -1.14% | 市场: A股
2025-03-19 10:04:13.665 - INFO - [2025-03-19 10:04:13] [0.01s] 浪潮信息(000977) 当前价: 58.86 | 涨跌幅: -1.65% | 市场: A股
2025-03-19 10:04:14.834 - INFO - [2025-03-19 10:04:14] [0.66s] 东湖高新(600133) 当前价: 10.08 | 涨跌幅: -1.66% | 市场: A股
2025-03-19 10:04:15.338 - INFO - [2025-03-19 10:04:15] [0.00s] 用友网络(600588) 当前价: 16.83 | 涨跌幅: -1.81% | 市场: A股
2025-03-19 10:04:15.851 - INFO - [2025-03-19 10:04:15] [0.00s] 隆基绿能(601012) 当前价: 17.67 | 涨跌幅: -1.28% | 市场: A股
2025-03-19 10:04:16.361 - INFO - [2025-03-19 10:04:16] [0.00s] 光明乳业(600597) 当前价: 8.67 | 涨跌幅: -1.25% | 市场: A股
2025-03-19 10:07:11.702 - INFO - ------------------------------------ 2025-03-19 10:07:11 ---------------------------------------------- 

2025-03-19 10:07:12.597 - INFO - [2025-03-19 10:07:12] [0.89s] 拓维信息(002261) 当前价: 34.65 | 涨跌幅: -0.92% | 市场: A股
2025-03-19 10:07:13.107 - INFO - [2025-03-19 10:07:13] [0.01s] 浪潮信息(000977) 当前价: 59.05 | 涨跌幅: -1.34% | 市场: A股
2025-03-19 10:07:14.430 - INFO - [2025-03-19 10:07:14] [0.82s] 东湖高新(600133) 当前价: 10.09 | 涨跌幅: -1.56% | 市场: A股
2025-03-19 10:07:14.937 - INFO - [2025-03-19 10:07:14] [0.00s] 用友网络(600588) 当前价: 16.89 | 涨跌幅: -1.46% | 市场: A股
2025-03-19 10:07:15.454 - INFO - [2025-03-19 10:07:15] [0.00s] 隆基绿能(601012) 当前价: 17.68 | 涨跌幅: -1.23% | 市场: A股
2025-03-19 10:07:15.966 - INFO - [2025-03-19 10:07:15] [0.00s] 光明乳业(600597) 当前价: 8.67 | 涨跌幅: -1.25% | 市场: A股
2025-03-19 10:10:11.710 - INFO - ------------------------------------ 2025-03-19 10:10:11 ---------------------------------------------- 

2025-03-19 10:10:12.740 - INFO - [2025-03-19 10:10:12] [1.03s] 拓维信息(002261) 当前价: 34.66 | 涨跌幅: -0.89% | 市场: A股
2025-03-19 10:10:13.245 - INFO - [2025-03-19 10:10:13] [0.00s] 浪潮信息(000977) 当前价: 59.04 | 涨跌幅: -1.35% | 市场: A股
2025-03-19 10:10:14.758 - INFO - [2025-03-19 10:10:14] [1.00s] 东湖高新(600133) 当前价: 10.09 | 涨跌幅: -1.56% | 市场: A股
2025-03-19 10:10:15.270 - INFO - [2025-03-19 10:10:15] [0.00s] 用友网络(600588) 当前价: 16.86 | 涨跌幅: -1.63% | 市场: A股
2025-03-19 10:10:15.789 - INFO - [2025-03-19 10:10:15] [0.00s] 隆基绿能(601012) 当前价: 17.68 | 涨跌幅: -1.23% | 市场: A股
2025-03-19 10:10:16.302 - INFO - [2025-03-19 10:10:16] [0.01s] 光明乳业(600597) 当前价: 8.68 | 涨跌幅: -1.14% | 市场: A股
2025-03-19 10:13:11.713 - INFO - ------------------------------------ 2025-03-19 10:13:11 ---------------------------------------------- 

2025-03-19 10:13:12.860 - INFO - [2025-03-19 10:13:12] [1.15s] 拓维信息(002261) 当前价: 34.58 | 涨跌幅: -1.12% | 市场: A股
2025-03-19 10:13:13.370 - INFO - [2025-03-19 10:13:13] [0.00s] 浪潮信息(000977) 当前价: 58.96 | 涨跌幅: -1.49% | 市场: A股
2025-03-19 10:13:15.149 - INFO - [2025-03-19 10:13:15] [1.28s] 东湖高新(600133) 当前价: 10.06 | 涨跌幅: -1.85% | 市场: A股
2025-03-19 10:13:15.654 - INFO - [2025-03-19 10:13:15] [0.00s] 用友网络(600588) 当前价: 16.82 | 涨跌幅: -1.87% | 市场: A股
2025-03-19 10:13:16.171 - INFO - [2025-03-19 10:13:16] [0.00s] 隆基绿能(601012) 当前价: 17.66 | 涨跌幅: -1.34% | 市场: A股
2025-03-19 10:13:16.680 - INFO - [2025-03-19 10:13:16] [0.00s] 光明乳业(600597) 当前价: 8.68 | 涨跌幅: -1.14% | 市场: A股
2025-03-19 10:16:11.719 - INFO - ------------------------------------ 2025-03-19 10:16:11 ---------------------------------------------- 

2025-03-19 10:16:12.926 - INFO - [2025-03-19 10:16:12] [1.21s] 拓维信息(002261) 当前价: 34.59 | 涨跌幅: -1.09% | 市场: A股
2025-03-19 10:16:13.439 - INFO - [2025-03-19 10:16:13] [0.00s] 浪潮信息(000977) 当前价: 59.03 | 涨跌幅: -1.37% | 市场: A股
2025-03-19 10:16:15.161 - INFO - [2025-03-19 10:16:15] [1.22s] 东湖高新(600133) 当前价: 10.09 | 涨跌幅: -1.56% | 市场: A股
2025-03-19 10:16:15.673 - INFO - [2025-03-19 10:16:15] [0.00s] 用友网络(600588) 当前价: 16.82 | 涨跌幅: -1.87% | 市场: A股
2025-03-19 10:16:16.186 - INFO - [2025-03-19 10:16:16] [0.00s] 隆基绿能(601012) 当前价: 17.65 | 涨跌幅: -1.4% | 市场: A股
2025-03-19 10:16:16.694 - INFO - [2025-03-19 10:16:16] [0.01s] 光明乳业(600597) 当前价: 8.67 | 涨跌幅: -1.25% | 市场: A股
2025-03-19 10:19:11.726 - INFO - ------------------------------------ 2025-03-19 10:19:11 ---------------------------------------------- 

2025-03-19 10:19:12.468 - INFO - [2025-03-19 10:19:12] [0.74s] 拓维信息(002261) 当前价: 34.4 | 涨跌幅: -1.63% | 市场: A股
2025-03-19 10:19:12.984 - INFO - [2025-03-19 10:19:12] [0.00s] 浪潮信息(000977) 当前价: 59.03 | 涨跌幅: -1.37% | 市场: A股
2025-03-19 10:19:14.201 - INFO - [2025-03-19 10:19:14] [0.71s] 东湖高新(600133) 当前价: 10.08 | 涨跌幅: -1.66% | 市场: A股
2025-03-19 10:19:14.721 - INFO - [2025-03-19 10:19:14] [0.01s] 用友网络(600588) 当前价: 16.82 | 涨跌幅: -1.87% | 市场: A股
2025-03-19 10:19:15.240 - INFO - [2025-03-19 10:19:15] [0.00s] 隆基绿能(601012) 当前价: 17.64 | 涨跌幅: -1.45% | 市场: A股
2025-03-19 10:19:15.746 - INFO - [2025-03-19 10:19:15] [0.00s] 光明乳业(600597) 当前价: 8.66 | 涨跌幅: -1.37% | 市场: A股
2025-03-19 10:22:11.733 - INFO - ------------------------------------ 2025-03-19 10:22:11 ---------------------------------------------- 

2025-03-19 10:22:12.956 - INFO - [2025-03-19 10:22:12] [1.22s] 拓维信息(002261) 当前价: 34.36 | 涨跌幅: -1.74% | 市场: A股
2025-03-19 10:22:13.469 - INFO - [2025-03-19 10:22:13] [0.00s] 浪潮信息(000977) 当前价: 59.0 | 涨跌幅: -1.42% | 市场: A股
2025-03-19 10:22:15.020 - INFO - [2025-03-19 10:22:15] [1.05s] 东湖高新(600133) 当前价: 10.07 | 涨跌幅: -1.76% | 市场: A股
2025-03-19 10:22:15.531 - INFO - [2025-03-19 10:22:15] [0.00s] 用友网络(600588) 当前价: 16.81 | 涨跌幅: -1.93% | 市场: A股
2025-03-19 10:22:16.046 - INFO - [2025-03-19 10:22:16] [0.00s] 隆基绿能(601012) 当前价: 17.67 | 涨跌幅: -1.28% | 市场: A股
2025-03-19 10:22:16.559 - INFO - [2025-03-19 10:22:16] [0.00s] 光明乳业(600597) 当前价: 8.66 | 涨跌幅: -1.37% | 市场: A股
2025-03-19 10:25:11.737 - INFO - ------------------------------------ 2025-03-19 10:25:11 ---------------------------------------------- 

2025-03-19 10:25:12.919 - INFO - [2025-03-19 10:25:12] [1.18s] 拓维信息(002261) 当前价: 34.32 | 涨跌幅: -1.86% | 市场: A股
2025-03-19 10:25:13.433 - INFO - [2025-03-19 10:25:13] [0.00s] 浪潮信息(000977) 当前价: 59.07 | 涨跌幅: -1.3% | 市场: A股
2025-03-19 10:25:15.082 - INFO - [2025-03-19 10:25:15] [1.15s] 东湖高新(600133) 当前价: 10.08 | 涨跌幅: -1.66% | 市场: A股
2025-03-19 10:25:15.591 - INFO - [2025-03-19 10:25:15] [0.00s] 用友网络(600588) 当前价: 16.82 | 涨跌幅: -1.87% | 市场: A股
2025-03-19 10:25:16.096 - INFO - [2025-03-19 10:25:16] [0.00s] 隆基绿能(601012) 当前价: 17.66 | 涨跌幅: -1.34% | 市场: A股
2025-03-19 10:25:16.598 - INFO - [2025-03-19 10:25:16] [0.00s] 光明乳业(600597) 当前价: 8.67 | 涨跌幅: -1.25% | 市场: A股
2025-03-19 10:28:11.741 - INFO - ------------------------------------ 2025-03-19 10:28:11 ---------------------------------------------- 

2025-03-19 10:28:12.674 - INFO - [2025-03-19 10:28:12] [0.93s] 拓维信息(002261) 当前价: 34.49 | 涨跌幅: -1.37% | 市场: A股
2025-03-19 10:28:13.190 - INFO - [2025-03-19 10:28:13] [0.01s] 浪潮信息(000977) 当前价: 59.14 | 涨跌幅: -1.19% | 市场: A股
2025-03-19 10:28:14.685 - INFO - [2025-03-19 10:28:14] [0.99s] 东湖高新(600133) 当前价: 10.1 | 涨跌幅: -1.46% | 市场: A股
2025-03-19 10:28:15.196 - INFO - [2025-03-19 10:28:15] [0.00s] 用友网络(600588) 当前价: 16.83 | 涨跌幅: -1.81% | 市场: A股
2025-03-19 10:28:15.712 - INFO - [2025-03-19 10:28:15] [0.00s] 隆基绿能(601012) 当前价: 17.67 | 涨跌幅: -1.28% | 市场: A股
2025-03-19 10:28:16.232 - INFO - [2025-03-19 10:28:16] [0.00s] 光明乳业(600597) 当前价: 8.66 | 涨跌幅: -1.37% | 市场: A股
2025-03-19 10:31:11.751 - INFO - ------------------------------------ 2025-03-19 10:31:11 ---------------------------------------------- 

2025-03-19 10:31:13.015 - INFO - [2025-03-19 10:31:13] [1.26s] 拓维信息(002261) 当前价: 34.4 | 涨跌幅: -1.63% | 市场: A股
2025-03-19 10:31:13.520 - INFO - [2025-03-19 10:31:13] [0.00s] 浪潮信息(000977) 当前价: 59.16 | 涨跌幅: -1.15% | 市场: A股
2025-03-19 10:31:14.985 - INFO - [2025-03-19 10:31:14] [0.95s] 东湖高新(600133) 当前价: 10.1 | 涨跌幅: -1.46% | 市场: A股
2025-03-19 10:31:15.494 - INFO - [2025-03-19 10:31:15] [0.00s] 用友网络(600588) 当前价: 16.82 | 涨跌幅: -1.87% | 市场: A股
2025-03-19 10:31:16.008 - INFO - [2025-03-19 10:31:16] [0.00s] 隆基绿能(601012) 当前价: 17.68 | 涨跌幅: -1.23% | 市场: A股
2025-03-19 10:31:16.525 - INFO - [2025-03-19 10:31:16] [0.01s] 光明乳业(600597) 当前价: 8.67 | 涨跌幅: -1.25% | 市场: A股
2025-03-19 10:34:11.757 - INFO - ------------------------------------ 2025-03-19 10:34:11 ---------------------------------------------- 

2025-03-19 10:34:12.810 - INFO - [2025-03-19 10:34:12] [1.05s] 拓维信息(002261) 当前价: 34.45 | 涨跌幅: -1.49% | 市场: A股
2025-03-19 10:34:13.321 - INFO - [2025-03-19 10:34:13] [0.00s] 浪潮信息(000977) 当前价: 59.18 | 涨跌幅: -1.12% | 市场: A股
2025-03-19 10:34:14.793 - INFO - [2025-03-19 10:34:14] [0.96s] 东湖高新(600133) 当前价: 10.08 | 涨跌幅: -1.66% | 市场: A股
2025-03-19 10:34:15.302 - INFO - [2025-03-19 10:34:15] [0.00s] 用友网络(600588) 当前价: 16.83 | 涨跌幅: -1.81% | 市场: A股
2025-03-19 10:34:15.815 - INFO - [2025-03-19 10:34:15] [0.00s] 隆基绿能(601012) 当前价: 17.67 | 涨跌幅: -1.28% | 市场: A股
2025-03-19 10:34:16.321 - INFO - [2025-03-19 10:34:16] [0.00s] 光明乳业(600597) 当前价: 8.67 | 涨跌幅: -1.25% | 市场: A股
2025-03-19 10:37:11.770 - INFO - ------------------------------------ 2025-03-19 10:37:11 ---------------------------------------------- 

2025-03-19 10:37:12.519 - INFO - [2025-03-19 10:37:12] [0.75s] 拓维信息(002261) 当前价: 34.36 | 涨跌幅: -1.74% | 市场: A股
2025-03-19 10:37:13.034 - INFO - [2025-03-19 10:37:13] [0.00s] 浪潮信息(000977) 当前价: 59.04 | 涨跌幅: -1.35% | 市场: A股
2025-03-19 10:37:14.691 - INFO - [2025-03-19 10:37:14] [1.14s] 东湖高新(600133) 当前价: 10.06 | 涨跌幅: -1.85% | 市场: A股
2025-03-19 10:37:15.200 - INFO - [2025-03-19 10:37:15] [0.00s] 用友网络(600588) 当前价: 16.78 | 涨跌幅: -2.1% | 市场: A股
2025-03-19 10:37:15.714 - INFO - [2025-03-19 10:37:15] [0.00s] 隆基绿能(601012) 当前价: 17.67 | 涨跌幅: -1.28% | 市场: A股
2025-03-19 10:37:16.227 - INFO - [2025-03-19 10:37:16] [0.00s] 光明乳业(600597) 当前价: 8.66 | 涨跌幅: -1.37% | 市场: A股
2025-03-19 10:40:11.773 - INFO - ------------------------------------ 2025-03-19 10:40:11 ---------------------------------------------- 

2025-03-19 10:40:12.942 - INFO - [2025-03-19 10:40:12] [1.17s] 拓维信息(002261) 当前价: 34.44 | 涨跌幅: -1.52% | 市场: A股
2025-03-19 10:40:13.448 - INFO - [2025-03-19 10:40:13] [0.00s] 浪潮信息(000977) 当前价: 59.12 | 涨跌幅: -1.22% | 市场: A股
2025-03-19 10:40:14.689 - INFO - [2025-03-19 10:40:14] [0.73s] 东湖高新(600133) 当前价: 10.08 | 涨跌幅: -1.66% | 市场: A股
2025-03-19 10:40:15.198 - INFO - [2025-03-19 10:40:15] [0.00s] 用友网络(600588) 当前价: 16.82 | 涨跌幅: -1.87% | 市场: A股
2025-03-19 10:40:15.716 - INFO - [2025-03-19 10:40:15] [0.00s] 隆基绿能(601012) 当前价: 17.67 | 涨跌幅: -1.28% | 市场: A股
2025-03-19 10:40:16.229 - INFO - [2025-03-19 10:40:16] [0.00s] 光明乳业(600597) 当前价: 8.66 | 涨跌幅: -1.37% | 市场: A股
2025-03-19 10:43:11.786 - INFO - ------------------------------------ 2025-03-19 10:43:11 ---------------------------------------------- 

2025-03-19 10:43:13.041 - INFO - [2025-03-19 10:43:13] [1.26s] 拓维信息(002261) 当前价: 34.34 | 涨跌幅: -1.8% | 市场: A股
2025-03-19 10:43:13.551 - INFO - [2025-03-19 10:43:13] [0.00s] 浪潮信息(000977) 当前价: 59.06 | 涨跌幅: -1.32% | 市场: A股
2025-03-19 10:43:14.999 - INFO - [2025-03-19 10:43:14] [0.95s] 东湖高新(600133) 当前价: 10.08 | 涨跌幅: -1.66% | 市场: A股
2025-03-19 10:43:15.514 - INFO - [2025-03-19 10:43:15] [0.00s] 用友网络(600588) 当前价: 16.81 | 涨跌幅: -1.93% | 市场: A股
2025-03-19 10:43:16.018 - INFO - [2025-03-19 10:43:16] [0.00s] 隆基绿能(601012) 当前价: 17.7 | 涨跌幅: -1.12% | 市场: A股
2025-03-19 10:43:16.523 - INFO - [2025-03-19 10:43:16] [0.00s] 光明乳业(600597) 当前价: 8.67 | 涨跌幅: -1.25% | 市场: A股
2025-03-19 10:46:11.789 - INFO - ------------------------------------ 2025-03-19 10:46:11 ---------------------------------------------- 

2025-03-19 10:46:12.502 - INFO - [2025-03-19 10:46:12] [0.71s] 拓维信息(002261) 当前价: 34.35 | 涨跌幅: -1.77% | 市场: A股
2025-03-19 10:46:13.020 - INFO - [2025-03-19 10:46:13] [0.00s] 浪潮信息(000977) 当前价: 59.11 | 涨跌幅: -1.24% | 市场: A股
2025-03-19 10:46:14.224 - INFO - [2025-03-19 10:46:14] [0.69s] 东湖高新(600133) 当前价: 10.08 | 涨跌幅: -1.66% | 市场: A股
2025-03-19 10:46:14.734 - INFO - [2025-03-19 10:46:14] [0.00s] 用友网络(600588) 当前价: 16.79 | 涨跌幅: -2.04% | 市场: A股
2025-03-19 10:46:15.250 - INFO - [2025-03-19 10:46:15] [0.00s] 隆基绿能(601012) 当前价: 17.7 | 涨跌幅: -1.12% | 市场: A股
2025-03-19 10:46:15.763 - INFO - [2025-03-19 10:46:15] [0.00s] 光明乳业(600597) 当前价: 8.67 | 涨跌幅: -1.25% | 市场: A股
2025-03-19 10:49:11.792 - INFO - ------------------------------------ 2025-03-19 10:49:11 ---------------------------------------------- 

2025-03-19 10:49:12.857 - INFO - [2025-03-19 10:49:12] [1.06s] 拓维信息(002261) 当前价: 34.44 | 涨跌幅: -1.52% | 市场: A股
2025-03-19 10:49:13.364 - INFO - [2025-03-19 10:49:13] [0.00s] 浪潮信息(000977) 当前价: 59.3 | 涨跌幅: -0.92% | 市场: A股
2025-03-19 10:49:35.157 - ERROR - Akshare数据获取失败: Cannot connect to host 82.push2.eastmoney.com:443 ssl:default [信号灯超时时间已到]
Traceback (most recent call last):
  File "D:\privategit\Sequoia\venv\lib\site-packages\aiohttp\connector.py", line 1116, in _wrap_create_connection
    sock = await aiohappyeyeballs.start_connection(
  File "D:\privategit\Sequoia\venv\lib\site-packages\aiohappyeyeballs\impl.py", line 122, in start_connection
    raise first_exception
  File "D:\privategit\Sequoia\venv\lib\site-packages\aiohappyeyeballs\impl.py", line 73, in start_connection
    sock = await _connect_sock(
  File "D:\privategit\Sequoia\venv\lib\site-packages\aiohappyeyeballs\impl.py", line 208, in _connect_sock
    await loop.sock_connect(sock, address)
  File "D:\tools\pyenvwin\pyenv-win\versions\3.10.11\lib\asyncio\proactor_events.py", line 709, in sock_connect
    return await self._proactor.connect(sock, address)
  File "D:\tools\pyenvwin\pyenv-win\versions\3.10.11\lib\asyncio\windows_events.py", line 826, in _poll
    value = callback(transferred, key, ov)
  File "D:\tools\pyenvwin\pyenv-win\versions\3.10.11\lib\asyncio\windows_events.py", line 613, in finish_connect
    ov.getresult()
OSError: [WinError 121] 信号灯超时时间已到

The above exception was the direct cause of the following exception:

Traceback (most recent call last):
  File "D:\privategit\Sequoia\tests\stock_tool.py", line 191, in get_cached_stock_data
    df = ak.stock_zh_a_spot_em()
  File "D:\privategit\Sequoia\venv\lib\site-packages\akshare\stock_a\stock_zh_a_spot.py", line 229, in stock_zh_a_spot_em
    return asyncio.run(stock_zh_a_spot_em_async())
  File "D:\tools\pyenvwin\pyenv-win\versions\3.10.11\lib\asyncio\runners.py", line 44, in run
    return loop.run_until_complete(main)
  File "D:\tools\pyenvwin\pyenv-win\versions\3.10.11\lib\asyncio\base_events.py", line 649, in run_until_complete
    return future.result()
  File "D:\privategit\Sequoia\venv\lib\site-packages\akshare\stock_a\stock_zh_a_spot.py", line 218, in stock_zh_a_spot_em_async
    results = await fetch_all_pages_async(url, params)
  File "D:\privategit\Sequoia\venv\lib\site-packages\akshare\stock_a\stock_zh_a_spot.py", line 53, in fetch_all_pages_async
    results = await asyncio.gather(*tasks)
  File "D:\privategit\Sequoia\venv\lib\site-packages\akshare\stock_a\stock_zh_a_spot.py", line 21, in fetch_single_page
    async with session.get(url, params=params) as response:
  File "D:\privategit\Sequoia\venv\lib\site-packages\aiohttp\client.py", line 1425, in __aenter__
    self._resp: _RetType = await self._coro
  File "D:\privategit\Sequoia\venv\lib\site-packages\aiohttp\client.py", line 703, in _request
    conn = await self._connector.connect(
  File "D:\privategit\Sequoia\venv\lib\site-packages\aiohttp\connector.py", line 548, in connect
    proto = await self._create_connection(req, traces, timeout)
  File "D:\privategit\Sequoia\venv\lib\site-packages\aiohttp\connector.py", line 1056, in _create_connection
    _, proto = await self._create_direct_connection(req, traces, timeout)
  File "D:\privategit\Sequoia\venv\lib\site-packages\aiohttp\connector.py", line 1411, in _create_direct_connection
    raise last_exc
  File "D:\privategit\Sequoia\venv\lib\site-packages\aiohttp\connector.py", line 1380, in _create_direct_connection
    transp, proto = await self._wrap_create_connection(
  File "D:\privategit\Sequoia\venv\lib\site-packages\aiohttp\connector.py", line 1135, in _wrap_create_connection
    raise client_error(req.connection_key, exc) from exc
aiohttp.client_exceptions.ClientConnectorError: Cannot connect to host 82.push2.eastmoney.com:443 ssl:default [信号灯超时时间已到]
2025-03-19 10:49:36.899 - INFO - [2025-03-19 10:49:36] [23.02s] 东湖高新(600133) 当前价: 10.11 | 涨跌幅: -1.37% | 市场: sh
2025-03-19 10:49:39.082 - INFO - [2025-03-19 10:49:39] [1.67s] 用友网络(600588) 当前价: 16.81 | 涨跌幅: -1.93% | 市场: sh
2025-03-19 10:49:41.246 - INFO - [2025-03-19 10:49:41] [1.66s] 隆基绿能(601012) 当前价: 17.72 | 涨跌幅: -1.01% | 市场: sh
2025-03-19 10:49:43.413 - INFO - [2025-03-19 10:49:43] [1.66s] 光明乳业(600597) 当前价: 8.69 | 涨跌幅: -1.03% | 市场: sh
2025-03-19 10:52:11.792 - INFO - ------------------------------------ 2025-03-19 10:52:11 ---------------------------------------------- 

2025-03-19 10:52:12.702 - INFO - [2025-03-19 10:52:12] [0.91s] 拓维信息(002261) 当前价: 34.42 | 涨跌幅: -1.57% | 市场: A股
2025-03-19 10:52:13.211 - INFO - [2025-03-19 10:52:13] [0.00s] 浪潮信息(000977) 当前价: 59.22 | 涨跌幅: -1.05% | 市场: A股
2025-03-19 10:52:14.527 - INFO - [2025-03-19 10:52:14] [0.80s] 东湖高新(600133) 当前价: 10.1 | 涨跌幅: -1.46% | 市场: A股
2025-03-19 10:52:15.037 - INFO - [2025-03-19 10:52:15] [0.00s] 用友网络(600588) 当前价: 16.8 | 涨跌幅: -1.98% | 市场: A股
2025-03-19 10:52:15.552 - INFO - [2025-03-19 10:52:15] [0.00s] 隆基绿能(601012) 当前价: 17.73 | 涨跌幅: -0.95% | 市场: A股
2025-03-19 10:52:16.065 - INFO - [2025-03-19 10:52:16] [0.00s] 光明乳业(600597) 当前价: 8.68 | 涨跌幅: -1.14% | 市场: A股
2025-03-19 10:55:11.800 - INFO - ------------------------------------ 2025-03-19 10:55:11 ---------------------------------------------- 

2025-03-19 10:55:12.629 - INFO - [2025-03-19 10:55:12] [0.83s] 拓维信息(002261) 当前价: 34.4 | 涨跌幅: -1.63% | 市场: A股
2025-03-19 10:55:13.136 - INFO - [2025-03-19 10:55:13] [0.00s] 浪潮信息(000977) 当前价: 59.15 | 涨跌幅: -1.17% | 市场: A股
2025-03-19 10:55:14.835 - INFO - [2025-03-19 10:55:14] [1.19s] 东湖高新(600133) 当前价: 10.1 | 涨跌幅: -1.46% | 市场: A股
2025-03-19 10:55:15.353 - INFO - [2025-03-19 10:55:15] [0.01s] 用友网络(600588) 当前价: 16.8 | 涨跌幅: -1.98% | 市场: A股
2025-03-19 10:55:15.863 - INFO - [2025-03-19 10:55:15] [0.00s] 隆基绿能(601012) 当前价: 17.74 | 涨跌幅: -0.89% | 市场: A股
2025-03-19 10:55:16.375 - INFO - [2025-03-19 10:55:16] [0.00s] 光明乳业(600597) 当前价: 8.67 | 涨跌幅: -1.25% | 市场: A股
2025-03-19 10:58:11.801 - INFO - ------------------------------------ 2025-03-19 10:58:11 ---------------------------------------------- 

2025-03-19 10:58:13.050 - INFO - [2025-03-19 10:58:13] [1.25s] 拓维信息(002261) 当前价: 34.35 | 涨跌幅: -1.77% | 市场: A股
2025-03-19 10:58:13.568 - INFO - [2025-03-19 10:58:13] [0.00s] 浪潮信息(000977) 当前价: 59.08 | 涨跌幅: -1.29% | 市场: A股
2025-03-19 10:58:15.079 - INFO - [2025-03-19 10:58:15] [1.00s] 东湖高新(600133) 当前价: 10.1 | 涨跌幅: -1.46% | 市场: A股
2025-03-19 10:58:15.585 - INFO - [2025-03-19 10:58:15] [0.00s] 用友网络(600588) 当前价: 16.75 | 涨跌幅: -2.28% | 市场: A股
2025-03-19 10:58:16.100 - INFO - [2025-03-19 10:58:16] [0.00s] 隆基绿能(601012) 当前价: 17.75 | 涨跌幅: -0.84% | 市场: A股
2025-03-19 10:58:16.611 - INFO - [2025-03-19 10:58:16] [0.00s] 光明乳业(600597) 当前价: 8.66 | 涨跌幅: -1.37% | 市场: A股
2025-03-19 11:01:11.804 - INFO - ------------------------------------ 2025-03-19 11:01:11 ---------------------------------------------- 

2025-03-19 11:01:13.147 - INFO - [2025-03-19 11:01:13] [1.34s] 拓维信息(002261) 当前价: 34.35 | 涨跌幅: -1.77% | 市场: A股
2025-03-19 11:01:13.655 - INFO - [2025-03-19 11:01:13] [0.00s] 浪潮信息(000977) 当前价: 59.14 | 涨跌幅: -1.19% | 市场: A股
2025-03-19 11:01:15.424 - INFO - [2025-03-19 11:01:15] [1.26s] 东湖高新(600133) 当前价: 10.11 | 涨跌幅: -1.37% | 市场: A股
2025-03-19 11:01:15.938 - INFO - [2025-03-19 11:01:15] [0.00s] 用友网络(600588) 当前价: 16.76 | 涨跌幅: -2.22% | 市场: A股
2025-03-19 11:01:16.456 - INFO - [2025-03-19 11:01:16] [0.00s] 隆基绿能(601012) 当前价: 17.76 | 涨跌幅: -0.78% | 市场: A股
2025-03-19 11:01:16.966 - INFO - [2025-03-19 11:01:16] [0.00s] 光明乳业(600597) 当前价: 8.66 | 涨跌幅: -1.37% | 市场: A股
2025-03-19 11:04:11.816 - INFO - ------------------------------------ 2025-03-19 11:04:11 ---------------------------------------------- 

2025-03-19 11:04:13.017 - INFO - [2025-03-19 11:04:13] [1.20s] 拓维信息(002261) 当前价: 34.33 | 涨跌幅: -1.83% | 市场: A股
2025-03-19 11:04:13.532 - INFO - [2025-03-19 11:04:13] [0.01s] 浪潮信息(000977) 当前价: 59.12 | 涨跌幅: -1.22% | 市场: A股
2025-03-19 11:04:35.198 - ERROR - Akshare数据获取失败: Cannot connect to host 82.push2.eastmoney.com:443 ssl:default [信号灯超时时间已到]
Traceback (most recent call last):
  File "D:\privategit\Sequoia\venv\lib\site-packages\aiohttp\connector.py", line 1116, in _wrap_create_connection
    sock = await aiohappyeyeballs.start_connection(
  File "D:\privategit\Sequoia\venv\lib\site-packages\aiohappyeyeballs\impl.py", line 122, in start_connection
    raise first_exception
  File "D:\privategit\Sequoia\venv\lib\site-packages\aiohappyeyeballs\impl.py", line 73, in start_connection
    sock = await _connect_sock(
  File "D:\privategit\Sequoia\venv\lib\site-packages\aiohappyeyeballs\impl.py", line 208, in _connect_sock
    await loop.sock_connect(sock, address)
  File "D:\tools\pyenvwin\pyenv-win\versions\3.10.11\lib\asyncio\proactor_events.py", line 709, in sock_connect
    return await self._proactor.connect(sock, address)
  File "D:\tools\pyenvwin\pyenv-win\versions\3.10.11\lib\asyncio\windows_events.py", line 826, in _poll
    value = callback(transferred, key, ov)
  File "D:\tools\pyenvwin\pyenv-win\versions\3.10.11\lib\asyncio\windows_events.py", line 613, in finish_connect
    ov.getresult()
OSError: [WinError 121] 信号灯超时时间已到

The above exception was the direct cause of the following exception:

Traceback (most recent call last):
  File "D:\privategit\Sequoia\tests\stock_tool.py", line 191, in get_cached_stock_data
    df = ak.stock_zh_a_spot_em()
  File "D:\privategit\Sequoia\venv\lib\site-packages\akshare\stock_a\stock_zh_a_spot.py", line 229, in stock_zh_a_spot_em
    return asyncio.run(stock_zh_a_spot_em_async())
  File "D:\tools\pyenvwin\pyenv-win\versions\3.10.11\lib\asyncio\runners.py", line 44, in run
    return loop.run_until_complete(main)
  File "D:\tools\pyenvwin\pyenv-win\versions\3.10.11\lib\asyncio\base_events.py", line 649, in run_until_complete
    return future.result()
  File "D:\privategit\Sequoia\venv\lib\site-packages\akshare\stock_a\stock_zh_a_spot.py", line 218, in stock_zh_a_spot_em_async
    results = await fetch_all_pages_async(url, params)
  File "D:\privategit\Sequoia\venv\lib\site-packages\akshare\stock_a\stock_zh_a_spot.py", line 53, in fetch_all_pages_async
    results = await asyncio.gather(*tasks)
  File "D:\privategit\Sequoia\venv\lib\site-packages\akshare\stock_a\stock_zh_a_spot.py", line 21, in fetch_single_page
    async with session.get(url, params=params) as response:
  File "D:\privategit\Sequoia\venv\lib\site-packages\aiohttp\client.py", line 1425, in __aenter__
    self._resp: _RetType = await self._coro
  File "D:\privategit\Sequoia\venv\lib\site-packages\aiohttp\client.py", line 703, in _request
    conn = await self._connector.connect(
  File "D:\privategit\Sequoia\venv\lib\site-packages\aiohttp\connector.py", line 548, in connect
    proto = await self._create_connection(req, traces, timeout)
  File "D:\privategit\Sequoia\venv\lib\site-packages\aiohttp\connector.py", line 1056, in _create_connection
    _, proto = await self._create_direct_connection(req, traces, timeout)
  File "D:\privategit\Sequoia\venv\lib\site-packages\aiohttp\connector.py", line 1411, in _create_direct_connection
    raise last_exc
  File "D:\privategit\Sequoia\venv\lib\site-packages\aiohttp\connector.py", line 1380, in _create_direct_connection
    transp, proto = await self._wrap_create_connection(
  File "D:\privategit\Sequoia\venv\lib\site-packages\aiohttp\connector.py", line 1135, in _wrap_create_connection
    raise client_error(req.connection_key, exc) from exc
aiohttp.client_exceptions.ClientConnectorError: Cannot connect to host 82.push2.eastmoney.com:443 ssl:default [信号灯超时时间已到]
2025-03-19 11:04:36.890 - INFO - [2025-03-19 11:04:36] [22.85s] 东湖高新(600133) 当前价: 10.11 | 涨跌幅: -1.37% | 市场: sh
2025-03-19 11:04:39.069 - INFO - [2025-03-19 11:04:39] [1.67s] 用友网络(600588) 当前价: 16.77 | 涨跌幅: -2.16% | 市场: sh
2025-03-19 11:04:41.229 - INFO - [2025-03-19 11:04:41] [1.65s] 隆基绿能(601012) 当前价: 17.7 | 涨跌幅: -1.12% | 市场: sh
2025-03-19 11:04:43.385 - INFO - [2025-03-19 11:04:43] [1.65s] 光明乳业(600597) 当前价: 8.63 | 涨跌幅: -1.71% | 市场: sh
2025-03-19 11:07:11.825 - INFO - ------------------------------------ 2025-03-19 11:07:11 ----------------------------------------------

2025-03-19 11:07:12.580 - INFO - [2025-03-19 11:07:12] [0.75s] 拓维信息(002261) 当前价: 34.34 | 涨跌幅: -1.8% | 市场: A股
2025-03-19 11:07:13.087 - INFO - [2025-03-19 11:07:13] [0.01s] 浪潮信息(000977) 当前价: 59.1 | 涨跌幅: -1.25% | 市场: A股
2025-03-19 11:07:14.313 - INFO - [2025-03-19 11:07:14] [0.72s] 东湖高新(600133) 当前价: 10.1 | 涨跌幅: -1.46% | 市场: A股
2025-03-19 11:07:14.825 - INFO - [2025-03-19 11:07:14] [0.00s] 用友网络(600588) 当前价: 16.8 | 涨跌幅: -1.98% | 市场: A股
2025-03-19 11:07:15.337 - INFO - [2025-03-19 11:07:15] [0.00s] 隆基绿能(601012) 当前价: 17.71 | 涨跌幅: -1.06% | 市场: A股
2025-03-19 11:07:15.849 - INFO - [2025-03-19 11:07:15] [0.00s] 光明乳业(600597) 当前价: 8.64 | 涨跌幅: -1.59% | 市场: A股
2025-03-19 11:10:11.831 - INFO - ------------------------------------ 2025-03-19 11:10:11 ---------------------------------------------- 

2025-03-19 11:10:12.817 - INFO - [2025-03-19 11:10:12] [0.99s] 拓维信息(002261) 当前价: 34.54 | 涨跌幅: -1.23% | 市场: A股
2025-03-19 11:10:13.331 - INFO - [2025-03-19 11:10:13] [0.00s] 浪潮信息(000977) 当前价: 59.18 | 涨跌幅: -1.12% | 市场: A股
2025-03-19 11:10:14.796 - INFO - [2025-03-19 11:10:14] [0.96s] 东湖高新(600133) 当前价: 10.11 | 涨跌幅: -1.37% | 市场: A股
2025-03-19 11:10:15.307 - INFO - [2025-03-19 11:10:15] [0.00s] 用友网络(600588) 当前价: 16.87 | 涨跌幅: -1.58% | 市场: A股
2025-03-19 11:10:15.823 - INFO - [2025-03-19 11:10:15] [0.00s] 隆基绿能(601012) 当前价: 17.7 | 涨跌幅: -1.12% | 市场: A股
2025-03-19 11:10:16.334 - INFO - [2025-03-19 11:10:16] [0.00s] 光明乳业(600597) 当前价: 8.65 | 涨跌幅: -1.48% | 市场: A股
2025-03-19 11:13:11.838 - INFO - ------------------------------------ 2025-03-19 11:13:11 ---------------------------------------------- 

2025-03-19 11:13:12.655 - INFO - [2025-03-19 11:13:12] [0.82s] 拓维信息(002261) 当前价: 34.63 | 涨跌幅: -0.97% | 市场: A股
2025-03-19 11:13:13.164 - INFO - [2025-03-19 11:13:13] [0.01s] 浪潮信息(000977) 当前价: 59.21 | 涨跌幅: -1.07% | 市场: A股
2025-03-19 11:13:14.417 - INFO - [2025-03-19 11:13:14] [0.74s] 东湖高新(600133) 当前价: 10.12 | 涨跌幅: -1.27% | 市场: A股
2025-03-19 11:13:14.929 - INFO - [2025-03-19 11:13:14] [0.01s] 用友网络(600588) 当前价: 16.84 | 涨跌幅: -1.75% | 市场: A股
2025-03-19 11:13:15.444 - INFO - [2025-03-19 11:13:15] [0.00s] 隆基绿能(601012) 当前价: 17.68 | 涨跌幅: -1.23% | 市场: A股
2025-03-19 11:13:15.959 - INFO - [2025-03-19 11:13:15] [0.00s] 光明乳业(600597) 当前价: 8.64 | 涨跌幅: -1.59% | 市场: A股
2025-03-19 11:16:11.847 - INFO - ------------------------------------ 2025-03-19 11:16:11 ---------------------------------------------- 

2025-03-19 11:16:12.743 - INFO - [2025-03-19 11:16:12] [0.90s] 拓维信息(002261) 当前价: 34.76 | 涨跌幅: -0.6% | 市场: A股
2025-03-19 11:16:13.247 - INFO - [2025-03-19 11:16:13] [0.00s] 浪潮信息(000977) 当前价: 59.34 | 涨跌幅: -0.85% | 市场: A股
2025-03-19 11:16:14.488 - INFO - [2025-03-19 11:16:14] [0.73s] 东湖高新(600133) 当前价: 10.14 | 涨跌幅: -1.07% | 市场: A股
2025-03-19 11:16:15.002 - INFO - [2025-03-19 11:16:15] [0.00s] 用友网络(600588) 当前价: 16.86 | 涨跌幅: -1.63% | 市场: A股
2025-03-19 11:16:15.517 - INFO - [2025-03-19 11:16:15] [0.00s] 隆基绿能(601012) 当前价: 17.71 | 涨跌幅: -1.06% | 市场: A股
2025-03-19 11:16:16.033 - INFO - [2025-03-19 11:16:16] [0.00s] 光明乳业(600597) 当前价: 8.64 | 涨跌幅: -1.59% | 市场: A股
2025-03-19 11:19:11.849 - INFO - ------------------------------------ 2025-03-19 11:19:11 ---------------------------------------------- 

2025-03-19 11:19:12.648 - INFO - [2025-03-19 11:19:12] [0.80s] 拓维信息(002261) 当前价: 34.64 | 涨跌幅: -0.94% | 市场: A股
2025-03-19 11:19:13.160 - INFO - [2025-03-19 11:19:13] [0.00s] 浪潮信息(000977) 当前价: 59.26 | 涨跌幅: -0.99% | 市场: A股
2025-03-19 11:19:14.691 - INFO - [2025-03-19 11:19:14] [1.02s] 东湖高新(600133) 当前价: 10.12 | 涨跌幅: -1.27% | 市场: A股
2025-03-19 11:19:15.200 - INFO - [2025-03-19 11:19:15] [0.00s] 用友网络(600588) 当前价: 16.84 | 涨跌幅: -1.75% | 市场: A股
2025-03-19 11:19:15.712 - INFO - [2025-03-19 11:19:15] [0.00s] 隆基绿能(601012) 当前价: 17.76 | 涨跌幅: -0.78% | 市场: A股
2025-03-19 11:19:16.222 - INFO - [2025-03-19 11:19:16] [0.00s] 光明乳业(600597) 当前价: 8.64 | 涨跌幅: -1.59% | 市场: A股
2025-03-19 11:22:11.854 - INFO - ------------------------------------ 2025-03-19 11:22:11 ---------------------------------------------- 

2025-03-19 11:22:33.053 - ERROR - Akshare数据获取失败: Cannot connect to host 82.push2.eastmoney.com:443 ssl:default [信号灯超时时间已到]
Traceback (most recent call last):
  File "D:\privategit\Sequoia\venv\lib\site-packages\aiohttp\connector.py", line 1116, in _wrap_create_connection
    sock = await aiohappyeyeballs.start_connection(
  File "D:\privategit\Sequoia\venv\lib\site-packages\aiohappyeyeballs\impl.py", line 122, in start_connection
    raise first_exception
  File "D:\privategit\Sequoia\venv\lib\site-packages\aiohappyeyeballs\impl.py", line 73, in start_connection
    sock = await _connect_sock(
  File "D:\privategit\Sequoia\venv\lib\site-packages\aiohappyeyeballs\impl.py", line 208, in _connect_sock
    await loop.sock_connect(sock, address)
  File "D:\tools\pyenvwin\pyenv-win\versions\3.10.11\lib\asyncio\proactor_events.py", line 709, in sock_connect
    return await self._proactor.connect(sock, address)
  File "D:\tools\pyenvwin\pyenv-win\versions\3.10.11\lib\asyncio\windows_events.py", line 826, in _poll
    value = callback(transferred, key, ov)
  File "D:\tools\pyenvwin\pyenv-win\versions\3.10.11\lib\asyncio\windows_events.py", line 613, in finish_connect
    ov.getresult()
OSError: [WinError 121] 信号灯超时时间已到

The above exception was the direct cause of the following exception:

Traceback (most recent call last):
  File "D:\privategit\Sequoia\tests\stock_tool.py", line 191, in get_cached_stock_data
    df = ak.stock_zh_a_spot_em()
  File "D:\privategit\Sequoia\venv\lib\site-packages\akshare\stock_a\stock_zh_a_spot.py", line 229, in stock_zh_a_spot_em
    return asyncio.run(stock_zh_a_spot_em_async())
  File "D:\tools\pyenvwin\pyenv-win\versions\3.10.11\lib\asyncio\runners.py", line 44, in run
    return loop.run_until_complete(main)
  File "D:\tools\pyenvwin\pyenv-win\versions\3.10.11\lib\asyncio\base_events.py", line 649, in run_until_complete
    return future.result()
  File "D:\privategit\Sequoia\venv\lib\site-packages\akshare\stock_a\stock_zh_a_spot.py", line 218, in stock_zh_a_spot_em_async
    results = await fetch_all_pages_async(url, params)
  File "D:\privategit\Sequoia\venv\lib\site-packages\akshare\stock_a\stock_zh_a_spot.py", line 53, in fetch_all_pages_async
    results = await asyncio.gather(*tasks)
  File "D:\privategit\Sequoia\venv\lib\site-packages\akshare\stock_a\stock_zh_a_spot.py", line 21, in fetch_single_page
    async with session.get(url, params=params) as response:
  File "D:\privategit\Sequoia\venv\lib\site-packages\aiohttp\client.py", line 1425, in __aenter__
    self._resp: _RetType = await self._coro
  File "D:\privategit\Sequoia\venv\lib\site-packages\aiohttp\client.py", line 703, in _request
    conn = await self._connector.connect(
  File "D:\privategit\Sequoia\venv\lib\site-packages\aiohttp\connector.py", line 548, in connect
    proto = await self._create_connection(req, traces, timeout)
  File "D:\privategit\Sequoia\venv\lib\site-packages\aiohttp\connector.py", line 1056, in _create_connection
    _, proto = await self._create_direct_connection(req, traces, timeout)
  File "D:\privategit\Sequoia\venv\lib\site-packages\aiohttp\connector.py", line 1411, in _create_direct_connection
    raise last_exc
  File "D:\privategit\Sequoia\venv\lib\site-packages\aiohttp\connector.py", line 1380, in _create_direct_connection
    transp, proto = await self._wrap_create_connection(
  File "D:\privategit\Sequoia\venv\lib\site-packages\aiohttp\connector.py", line 1135, in _wrap_create_connection
    raise client_error(req.connection_key, exc) from exc
aiohttp.client_exceptions.ClientConnectorError: Cannot connect to host 82.push2.eastmoney.com:443 ssl:default [信号灯超时时间已到]
2025-03-19 11:22:34.803 - INFO - [2025-03-19 11:22:34] [22.95s] 拓维信息(002261) 当前价: 34.61 | 涨跌幅: -1.03% | 市场: sz
2025-03-19 11:22:37.064 - INFO - [2025-03-19 11:22:37] [1.75s] 浪潮信息(000977) 当前价: 59.27 | 涨跌幅: -0.97% | 市场: sz
2025-03-19 11:22:39.254 - INFO - [2025-03-19 11:22:39] [1.68s] 东湖高新(600133) 当前价: 10.1 | 涨跌幅: -1.46% | 市场: A股
2025-03-19 11:22:39.760 - INFO - [2025-03-19 11:22:39] [0.00s] 用友网络(600588) 当前价: 16.8 | 涨跌幅: -1.98% | 市场: A股
2025-03-19 11:22:40.274 - INFO - [2025-03-19 11:22:40] [0.00s] 隆基绿能(601012) 当前价: 17.72 | 涨跌幅: -1.01% | 市场: A股
2025-03-19 11:22:40.782 - INFO - [2025-03-19 11:22:40] [0.00s] 光明乳业(600597) 当前价: 8.64 | 涨跌幅: -1.59% | 市场: A股
2025-03-19 11:27:57.382 - INFO - ------------------------------------ 2025-03-19 11:27:57 ---------------------------------------------- 

2025-03-19 11:27:58.373 - INFO - [2025-03-19 11:27:58] [0.99s] 拓维信息(002261) 当前价: 34.57 | 涨跌幅: -1.14% | 市场: A股
2025-03-19 11:27:58.886 - INFO - [2025-03-19 11:27:58] [0.00s] 浪潮信息(000977) 当前价: 59.2 | 涨跌幅: -1.09% | 市场: A股
2025-03-19 11:28:00.518 - INFO - [2025-03-19 11:28:00] [1.12s] 东湖高新(600133) 当前价: 10.11 | 涨跌幅: -1.37% | 市场: A股
2025-03-19 11:28:01.035 - INFO - [2025-03-19 11:28:01] [0.00s] 用友网络(600588) 当前价: 16.78 | 涨跌幅: -2.1% | 市场: A股
2025-03-19 11:28:01.544 - INFO - [2025-03-19 11:28:01] [0.00s] 隆基绿能(601012) 当前价: 17.77 | 涨跌幅: -0.73% | 市场: A股
2025-03-19 11:28:02.056 - INFO - [2025-03-19 11:28:02] [0.00s] 光明乳业(600597) 当前价: 8.63 | 涨跌幅: -1.71% | 市场: A股
2025-03-19 11:30:57.390 - INFO - ------------------------------------ 2025-03-19 11:30:57 ---------------------------------------------- 

2025-03-19 11:30:58.197 - INFO - [2025-03-19 11:30:58] [0.81s] 拓维信息(002261) 当前价: 34.63 | 涨跌幅: -0.97% | 市场: A股
2025-03-19 11:30:58.713 - INFO - [2025-03-19 11:30:58] [0.00s] 浪潮信息(000977) 当前价: 59.21 | 涨跌幅: -1.07% | 市场: A股
2025-03-19 11:31:00.421 - INFO - [2025-03-19 11:31:00] [1.20s] 东湖高新(600133) 当前价: 10.1 | 涨跌幅: -1.46% | 市场: A股
2025-03-19 11:31:00.924 - INFO - [2025-03-19 11:31:00] [0.00s] 用友网络(600588) 当前价: 16.8 | 涨跌幅: -1.98% | 市场: A股
2025-03-19 11:31:01.436 - INFO - [2025-03-19 11:31:01] [0.00s] 隆基绿能(601012) 当前价: 17.75 | 涨跌幅: -0.84% | 市场: A股
2025-03-19 11:31:01.952 - INFO - [2025-03-19 11:31:01] [0.01s] 光明乳业(600597) 当前价: 8.63 | 涨跌幅: -1.71% | 市场: A股
2025-03-19 11:33:57.399 - INFO - 非交易时间段，87分钟后重试...
2025-03-19 13:30:14.373 - INFO - 程序启动，日志文件路径：D:\privategit\Sequoia\tests\logs\2025-03-19.log
2025-03-19 13:30:14.374 - INFO - ------------------------------------ 2025-03-19 13:30:14 ---------------------------------------------- 

2025-03-19 13:30:15.285 - INFO - [2025-03-19 13:30:15] [0.91s] 拓维信息(002261) 当前价: 34.51 | 涨跌幅: -1.32% | 市场: A股
2025-03-19 13:30:15.801 - INFO - [2025-03-19 13:30:15] [0.00s] 浪潮信息(000977) 当前价: 59.13 | 涨跌幅: -1.2% | 市场: A股
2025-03-19 13:30:17.337 - INFO - [2025-03-19 13:30:17] [1.03s] 东湖高新(600133) 当前价: 10.15 | 涨跌幅: -0.98% | 市场: A股
2025-03-19 13:30:17.852 - INFO - [2025-03-19 13:30:17] [0.00s] 用友网络(600588) 当前价: 16.73 | 涨跌幅: -2.39% | 市场: A股
2025-03-19 13:30:18.366 - INFO - [2025-03-19 13:30:18] [0.00s] 隆基绿能(601012) 当前价: 17.7 | 涨跌幅: -1.12% | 市场: A股
2025-03-19 13:30:18.877 - INFO - [2025-03-19 13:30:18] [0.00s] 光明乳业(600597) 当前价: 8.66 | 涨跌幅: -1.37% | 市场: A股
2025-03-19 13:33:14.379 - INFO - ------------------------------------ 2025-03-19 13:33:14 ---------------------------------------------- 

2025-03-19 13:33:35.600 - ERROR - Akshare数据获取失败: Cannot connect to host 82.push2.eastmoney.com:443 ssl:default [信号灯超时时间已到]
Traceback (most recent call last):
  File "D:\privategit\Sequoia\venv\lib\site-packages\aiohttp\connector.py", line 1116, in _wrap_create_connection
    sock = await aiohappyeyeballs.start_connection(
  File "D:\privategit\Sequoia\venv\lib\site-packages\aiohappyeyeballs\impl.py", line 122, in start_connection
    raise first_exception
  File "D:\privategit\Sequoia\venv\lib\site-packages\aiohappyeyeballs\impl.py", line 73, in start_connection
    sock = await _connect_sock(
  File "D:\privategit\Sequoia\venv\lib\site-packages\aiohappyeyeballs\impl.py", line 208, in _connect_sock
    await loop.sock_connect(sock, address)
  File "D:\tools\pyenvwin\pyenv-win\versions\3.10.11\lib\asyncio\proactor_events.py", line 709, in sock_connect
    return await self._proactor.connect(sock, address)
  File "D:\tools\pyenvwin\pyenv-win\versions\3.10.11\lib\asyncio\windows_events.py", line 826, in _poll
    value = callback(transferred, key, ov)
  File "D:\tools\pyenvwin\pyenv-win\versions\3.10.11\lib\asyncio\windows_events.py", line 613, in finish_connect
    ov.getresult()
OSError: [WinError 121] 信号灯超时时间已到

The above exception was the direct cause of the following exception:

Traceback (most recent call last):
  File "D:\privategit\Sequoia\tests\stock_tool.py", line 191, in get_cached_stock_data
    df = ak.stock_zh_a_spot_em()
  File "D:\privategit\Sequoia\venv\lib\site-packages\akshare\stock_a\stock_zh_a_spot.py", line 229, in stock_zh_a_spot_em
    return asyncio.run(stock_zh_a_spot_em_async())
  File "D:\tools\pyenvwin\pyenv-win\versions\3.10.11\lib\asyncio\runners.py", line 44, in run
    return loop.run_until_complete(main)
  File "D:\tools\pyenvwin\pyenv-win\versions\3.10.11\lib\asyncio\base_events.py", line 649, in run_until_complete
    return future.result()
  File "D:\privategit\Sequoia\venv\lib\site-packages\akshare\stock_a\stock_zh_a_spot.py", line 218, in stock_zh_a_spot_em_async
    results = await fetch_all_pages_async(url, params)
  File "D:\privategit\Sequoia\venv\lib\site-packages\akshare\stock_a\stock_zh_a_spot.py", line 53, in fetch_all_pages_async
    results = await asyncio.gather(*tasks)
  File "D:\privategit\Sequoia\venv\lib\site-packages\akshare\stock_a\stock_zh_a_spot.py", line 21, in fetch_single_page
    async with session.get(url, params=params) as response:
  File "D:\privategit\Sequoia\venv\lib\site-packages\aiohttp\client.py", line 1425, in __aenter__
    self._resp: _RetType = await self._coro
  File "D:\privategit\Sequoia\venv\lib\site-packages\aiohttp\client.py", line 703, in _request
    conn = await self._connector.connect(
  File "D:\privategit\Sequoia\venv\lib\site-packages\aiohttp\connector.py", line 548, in connect
    proto = await self._create_connection(req, traces, timeout)
  File "D:\privategit\Sequoia\venv\lib\site-packages\aiohttp\connector.py", line 1056, in _create_connection
    _, proto = await self._create_direct_connection(req, traces, timeout)
  File "D:\privategit\Sequoia\venv\lib\site-packages\aiohttp\connector.py", line 1411, in _create_direct_connection
    raise last_exc
  File "D:\privategit\Sequoia\venv\lib\site-packages\aiohttp\connector.py", line 1380, in _create_direct_connection
    transp, proto = await self._wrap_create_connection(
  File "D:\privategit\Sequoia\venv\lib\site-packages\aiohttp\connector.py", line 1135, in _wrap_create_connection
    raise client_error(req.connection_key, exc) from exc
aiohttp.client_exceptions.ClientConnectorError: Cannot connect to host 82.push2.eastmoney.com:443 ssl:default [信号灯超时时间已到]
2025-03-19 13:33:37.283 - INFO - [2025-03-19 13:33:37] [22.90s] 拓维信息(002261) 当前价: 34.51 | 涨跌幅: -1.32% | 市场: sz
2025-03-19 13:33:39.458 - INFO - [2025-03-19 13:33:39] [1.67s] 浪潮信息(000977) 当前价: 59.11 | 涨跌幅: -1.24% | 市场: sz
2025-03-19 13:33:41.240 - INFO - [2025-03-19 13:33:41] [1.27s] 东湖高新(600133) 当前价: 10.13 | 涨跌幅: -1.17% | 市场: A股
2025-03-19 13:33:41.752 - INFO - [2025-03-19 13:33:41] [0.00s] 用友网络(600588) 当前价: 16.71 | 涨跌幅: -2.51% | 市场: A股
2025-03-19 13:33:42.262 - INFO - [2025-03-19 13:33:42] [0.00s] 隆基绿能(601012) 当前价: 17.69 | 涨跌幅: -1.17% | 市场: A股
2025-03-19 13:33:42.776 - INFO - [2025-03-19 13:33:42] [0.00s] 光明乳业(600597) 当前价: 8.66 | 涨跌幅: -1.37% | 市场: A股
2025-03-19 13:36:14.381 - INFO - ------------------------------------ 2025-03-19 13:36:14 ---------------------------------------------- 

2025-03-19 13:36:15.244 - INFO - [2025-03-19 13:36:15] [0.86s] 拓维信息(002261) 当前价: 34.45 | 涨跌幅: -1.49% | 市场: A股
2025-03-19 13:36:15.750 - INFO - [2025-03-19 13:36:15] [0.00s] 浪潮信息(000977) 当前价: 59.0 | 涨跌幅: -1.42% | 市场: A股
2025-03-19 13:36:17.296 - INFO - [2025-03-19 13:36:17] [1.04s] 东湖高新(600133) 当前价: 10.11 | 涨跌幅: -1.37% | 市场: A股
2025-03-19 13:36:17.806 - INFO - [2025-03-19 13:36:17] [0.00s] 用友网络(600588) 当前价: 16.61 | 涨跌幅: -3.09% | 市场: A股
2025-03-19 13:36:18.326 - INFO - [2025-03-19 13:36:18] [0.00s] 隆基绿能(601012) 当前价: 17.66 | 涨跌幅: -1.34% | 市场: A股
2025-03-19 13:36:18.830 - INFO - [2025-03-19 13:36:18] [0.00s] 光明乳业(600597) 当前价: 8.65 | 涨跌幅: -1.48% | 市场: A股
2025-03-19 13:39:14.386 - INFO - ------------------------------------ 2025-03-19 13:39:14 ---------------------------------------------- 

2025-03-19 13:39:15.553 - INFO - [2025-03-19 13:39:15] [1.17s] 拓维信息(002261) 当前价: 34.4 | 涨跌幅: -1.63% | 市场: A股
2025-03-19 13:39:16.065 - INFO - [2025-03-19 13:39:16] [0.00s] 浪潮信息(000977) 当前价: 59.01 | 涨跌幅: -1.4% | 市场: A股
2025-03-19 13:39:17.745 - INFO - [2025-03-19 13:39:17] [1.17s] 东湖高新(600133) 当前价: 10.12 | 涨跌幅: -1.27% | 市场: A股
2025-03-19 13:39:18.263 - INFO - [2025-03-19 13:39:18] [0.00s] 用友网络(600588) 当前价: 16.63 | 涨跌幅: -2.98% | 市场: A股
2025-03-19 13:39:18.775 - INFO - [2025-03-19 13:39:18] [0.00s] 隆基绿能(601012) 当前价: 17.66 | 涨跌幅: -1.34% | 市场: A股
2025-03-19 13:39:19.290 - INFO - [2025-03-19 13:39:19] [0.00s] 光明乳业(600597) 当前价: 8.65 | 涨跌幅: -1.48% | 市场: A股
2025-03-19 13:42:14.398 - INFO - ------------------------------------ 2025-03-19 13:42:14 ---------------------------------------------- 

2025-03-19 13:42:15.195 - INFO - [2025-03-19 13:42:15] [0.80s] 拓维信息(002261) 当前价: 34.36 | 涨跌幅: -1.74% | 市场: A股
2025-03-19 13:42:15.704 - INFO - [2025-03-19 13:42:15] [0.00s] 浪潮信息(000977) 当前价: 58.98 | 涨跌幅: -1.45% | 市场: A股
2025-03-19 13:42:17.800 - INFO - [2025-03-19 13:42:17] [1.59s] 东湖高新(600133) 当前价: 10.11 | 涨跌幅: -1.37% | 市场: A股
2025-03-19 13:42:18.309 - INFO - [2025-03-19 13:42:18] [0.00s] 用友网络(600588) 当前价: 16.67 | 涨跌幅: -2.74% | 市场: A股
2025-03-19 13:42:18.824 - INFO - [2025-03-19 13:42:18] [0.00s] 隆基绿能(601012) 当前价: 17.66 | 涨跌幅: -1.34% | 市场: A股
2025-03-19 13:42:19.332 - INFO - [2025-03-19 13:42:19] [0.00s] 光明乳业(600597) 当前价: 8.65 | 涨跌幅: -1.48% | 市场: A股
2025-03-19 13:45:14.404 - INFO - ------------------------------------ 2025-03-19 13:45:14 ---------------------------------------------- 

2025-03-19 13:45:15.180 - INFO - [2025-03-19 13:45:15] [0.78s] 拓维信息(002261) 当前价: 34.41 | 涨跌幅: -1.6% | 市场: A股
2025-03-19 13:45:15.694 - INFO - [2025-03-19 13:45:15] [0.00s] 浪潮信息(000977) 当前价: 58.98 | 涨跌幅: -1.45% | 市场: A股
2025-03-19 13:45:17.148 - INFO - [2025-03-19 13:45:17] [0.95s] 东湖高新(600133) 当前价: 10.1 | 涨跌幅: -1.46% | 市场: A股
2025-03-19 13:45:17.665 - INFO - [2025-03-19 13:45:17] [0.00s] 用友网络(600588) 当前价: 16.62 | 涨跌幅: -3.03% | 市场: A股
2025-03-19 13:45:18.175 - INFO - [2025-03-19 13:45:18] [0.00s] 隆基绿能(601012) 当前价: 17.66 | 涨跌幅: -1.34% | 市场: A股
2025-03-19 13:45:18.687 - INFO - [2025-03-19 13:45:18] [0.00s] 光明乳业(600597) 当前价: 8.64 | 涨跌幅: -1.59% | 市场: A股
2025-03-19 13:48:14.411 - INFO - ------------------------------------ 2025-03-19 13:48:14 ---------------------------------------------- 

2025-03-19 13:48:15.773 - INFO - [2025-03-19 13:48:15] [1.36s] 拓维信息(002261) 当前价: 34.39 | 涨跌幅: -1.66% | 市场: A股
2025-03-19 13:48:16.291 - INFO - [2025-03-19 13:48:16] [0.00s] 浪潮信息(000977) 当前价: 58.92 | 涨跌幅: -1.55% | 市场: A股
2025-03-19 13:48:18.068 - INFO - [2025-03-19 13:48:18] [1.27s] 东湖高新(600133) 当前价: 10.1 | 涨跌幅: -1.46% | 市场: A股
2025-03-19 13:48:18.581 - INFO - [2025-03-19 13:48:18] [0.00s] 用友网络(600588) 当前价: 16.59 | 涨跌幅: -3.21% | 市场: A股
2025-03-19 13:48:19.101 - INFO - [2025-03-19 13:48:19] [0.01s] 隆基绿能(601012) 当前价: 17.63 | 涨跌幅: -1.51% | 市场: A股
2025-03-19 13:48:19.611 - INFO - [2025-03-19 13:48:19] [0.00s] 光明乳业(600597) 当前价: 8.63 | 涨跌幅: -1.71% | 市场: A股
2025-03-19 13:51:14.415 - INFO - ------------------------------------ 2025-03-19 13:51:14 ---------------------------------------------- 

2025-03-19 13:51:15.777 - INFO - [2025-03-19 13:51:15] [1.36s] 拓维信息(002261) 当前价: 34.39 | 涨跌幅: -1.66% | 市场: A股
2025-03-19 13:51:16.284 - INFO - [2025-03-19 13:51:16] [0.00s] 浪潮信息(000977) 当前价: 58.92 | 涨跌幅: -1.55% | 市场: A股
2025-03-19 13:51:18.341 - INFO - [2025-03-19 13:51:18] [1.54s] 东湖高新(600133) 当前价: 10.1 | 涨跌幅: -1.46% | 市场: A股
2025-03-19 13:51:18.859 - INFO - [2025-03-19 13:51:18] [0.00s] 用友网络(600588) 当前价: 16.55 | 涨跌幅: -3.44% | 市场: A股
2025-03-19 13:51:19.371 - INFO - [2025-03-19 13:51:19] [0.00s] 隆基绿能(601012) 当前价: 17.62 | 涨跌幅: -1.56% | 市场: A股
2025-03-19 13:51:19.878 - INFO - [2025-03-19 13:51:19] [0.00s] 光明乳业(600597) 当前价: 8.63 | 涨跌幅: -1.71% | 市场: A股
2025-03-19 13:54:14.415 - INFO - ------------------------------------ 2025-03-19 13:54:14 ---------------------------------------------- 

2025-03-19 13:54:15.265 - INFO - [2025-03-19 13:54:15] [0.85s] 拓维信息(002261) 当前价: 34.34 | 涨跌幅: -1.8% | 市场: A股
2025-03-19 13:54:15.785 - INFO - [2025-03-19 13:54:15] [0.00s] 浪潮信息(000977) 当前价: 58.88 | 涨跌幅: -1.62% | 市场: A股
2025-03-19 13:54:17.157 - INFO - [2025-03-19 13:54:17] [0.86s] 东湖高新(600133) 当前价: 10.1 | 涨跌幅: -1.46% | 市场: A股
2025-03-19 13:54:17.671 - INFO - [2025-03-19 13:54:17] [0.00s] 用友网络(600588) 当前价: 16.59 | 涨跌幅: -3.21% | 市场: A股
2025-03-19 13:54:18.177 - INFO - [2025-03-19 13:54:18] [0.00s] 隆基绿能(601012) 当前价: 17.62 | 涨跌幅: -1.56% | 市场: A股
2025-03-19 13:54:18.692 - INFO - [2025-03-19 13:54:18] [0.00s] 光明乳业(600597) 当前价: 8.62 | 涨跌幅: -1.82% | 市场: A股
2025-03-19 13:57:14.420 - INFO - ------------------------------------ 2025-03-19 13:57:14 ---------------------------------------------- 

2025-03-19 13:57:15.651 - INFO - [2025-03-19 13:57:15] [1.23s] 拓维信息(002261) 当前价: 34.35 | 涨跌幅: -1.77% | 市场: A股
2025-03-19 13:57:16.166 - INFO - [2025-03-19 13:57:16] [0.00s] 浪潮信息(000977) 当前价: 58.91 | 涨跌幅: -1.57% | 市场: A股
2025-03-19 13:57:17.823 - INFO - [2025-03-19 13:57:17] [1.15s] 东湖高新(600133) 当前价: 10.1 | 涨跌幅: -1.46% | 市场: A股
2025-03-19 13:57:18.330 - INFO - [2025-03-19 13:57:18] [0.00s] 用友网络(600588) 当前价: 16.59 | 涨跌幅: -3.21% | 市场: A股
2025-03-19 13:57:18.847 - INFO - [2025-03-19 13:57:18] [0.00s] 隆基绿能(601012) 当前价: 17.65 | 涨跌幅: -1.4% | 市场: A股
2025-03-19 13:57:19.357 - INFO - [2025-03-19 13:57:19] [0.00s] 光明乳业(600597) 当前价: 8.63 | 涨跌幅: -1.71% | 市场: A股
2025-03-19 14:00:14.426 - INFO - ------------------------------------ 2025-03-19 14:00:14 ---------------------------------------------- 

2025-03-19 14:00:16.282 - INFO - [2025-03-19 14:00:16] [1.86s] 拓维信息(002261) 当前价: 34.33 | 涨跌幅: -1.83% | 市场: A股
2025-03-19 14:00:16.800 - INFO - [2025-03-19 14:00:16] [0.01s] 浪潮信息(000977) 当前价: 58.92 | 涨跌幅: -1.55% | 市场: A股
2025-03-19 14:00:18.625 - INFO - [2025-03-19 14:00:18] [1.31s] 东湖高新(600133) 当前价: 10.09 | 涨跌幅: -1.56% | 市场: A股
2025-03-19 14:00:19.132 - INFO - [2025-03-19 14:00:19] [0.00s] 用友网络(600588) 当前价: 16.57 | 涨跌幅: -3.33% | 市场: A股
2025-03-19 14:00:19.635 - INFO - [2025-03-19 14:00:19] [0.00s] 隆基绿能(601012) 当前价: 17.65 | 涨跌幅: -1.4% | 市场: A股
2025-03-19 14:00:20.146 - INFO - [2025-03-19 14:00:20] [0.00s] 光明乳业(600597) 当前价: 8.63 | 涨跌幅: -1.71% | 市场: A股
2025-03-19 14:03:14.437 - INFO - ------------------------------------ 2025-03-19 14:03:14 ---------------------------------------------- 

2025-03-19 14:03:15.101 - INFO - [2025-03-19 14:03:15] [0.66s] 拓维信息(002261) 当前价: 34.43 | 涨跌幅: -1.54% | 市场: A股
2025-03-19 14:03:15.607 - INFO - [2025-03-19 14:03:15] [0.00s] 浪潮信息(000977) 当前价: 58.9 | 涨跌幅: -1.59% | 市场: A股
2025-03-19 14:03:17.069 - INFO - [2025-03-19 14:03:17] [0.96s] 东湖高新(600133) 当前价: 10.1 | 涨跌幅: -1.46% | 市场: A股
2025-03-19 14:03:17.580 - INFO - [2025-03-19 14:03:17] [0.00s] 用友网络(600588) 当前价: 16.58 | 涨跌幅: -3.27% | 市场: A股
2025-03-19 14:03:18.094 - INFO - [2025-03-19 14:03:18] [0.01s] 隆基绿能(601012) 当前价: 17.64 | 涨跌幅: -1.45% | 市场: A股
2025-03-19 14:03:18.606 - INFO - [2025-03-19 14:03:18] [0.00s] 光明乳业(600597) 当前价: 8.63 | 涨跌幅: -1.71% | 市场: A股
2025-03-19 14:06:14.444 - INFO - ------------------------------------ 2025-03-19 14:06:14 ---------------------------------------------- 

2025-03-19 14:06:15.564 - INFO - [2025-03-19 14:06:15] [1.12s] 拓维信息(002261) 当前价: 34.55 | 涨跌幅: -1.2% | 市场: A股
2025-03-19 14:06:16.069 - INFO - [2025-03-19 14:06:16] [0.00s] 浪潮信息(000977) 当前价: 59.03 | 涨跌幅: -1.37% | 市场: A股
2025-03-19 14:06:18.113 - INFO - [2025-03-19 14:06:18] [1.54s] 东湖高新(600133) 当前价: 10.11 | 涨跌幅: -1.37% | 市场: A股
2025-03-19 14:06:18.617 - INFO - [2025-03-19 14:06:18] [0.00s] 用友网络(600588) 当前价: 16.6 | 涨跌幅: -3.15% | 市场: A股
2025-03-19 14:06:19.125 - INFO - [2025-03-19 14:06:19] [0.00s] 隆基绿能(601012) 当前价: 17.63 | 涨跌幅: -1.51% | 市场: A股
2025-03-19 14:06:19.633 - INFO - [2025-03-19 14:06:19] [0.00s] 光明乳业(600597) 当前价: 8.64 | 涨跌幅: -1.59% | 市场: A股
2025-03-19 14:09:14.448 - INFO - ------------------------------------ 2025-03-19 14:09:14 ---------------------------------------------- 

2025-03-19 14:09:15.476 - INFO - [2025-03-19 14:09:15] [1.03s] 拓维信息(002261) 当前价: 34.5 | 涨跌幅: -1.34% | 市场: A股
2025-03-19 14:09:15.987 - INFO - [2025-03-19 14:09:15] [0.00s] 浪潮信息(000977) 当前价: 58.95 | 涨跌幅: -1.5% | 市场: A股
2025-03-19 14:09:17.676 - INFO - [2025-03-19 14:09:17] [1.18s] 东湖高新(600133) 当前价: 10.09 | 涨跌幅: -1.56% | 市场: A股
2025-03-19 14:09:18.183 - INFO - [2025-03-19 14:09:18] [0.00s] 用友网络(600588) 当前价: 16.55 | 涨跌幅: -3.44% | 市场: A股
2025-03-19 14:09:18.697 - INFO - [2025-03-19 14:09:18] [0.01s] 隆基绿能(601012) 当前价: 17.63 | 涨跌幅: -1.51% | 市场: A股
2025-03-19 14:09:19.208 - INFO - [2025-03-19 14:09:19] [0.01s] 光明乳业(600597) 当前价: 8.64 | 涨跌幅: -1.59% | 市场: A股
2025-03-19 14:12:14.448 - INFO - ------------------------------------ 2025-03-19 14:12:14 ---------------------------------------------- 

2025-03-19 14:12:15.215 - INFO - [2025-03-19 14:12:15] [0.77s] 拓维信息(002261) 当前价: 34.45 | 涨跌幅: -1.49% | 市场: A股
2025-03-19 14:12:15.721 - INFO - [2025-03-19 14:12:15] [0.00s] 浪潮信息(000977) 当前价: 59.02 | 涨跌幅: -1.39% | 市场: A股
2025-03-19 14:12:16.993 - INFO - [2025-03-19 14:12:16] [0.76s] 东湖高新(600133) 当前价: 10.1 | 涨跌幅: -1.46% | 市场: A股
2025-03-19 14:12:17.511 - INFO - [2025-03-19 14:12:17] [0.00s] 用友网络(600588) 当前价: 16.61 | 涨跌幅: -3.09% | 市场: A股
2025-03-19 14:12:18.024 - INFO - [2025-03-19 14:12:18] [0.00s] 隆基绿能(601012) 当前价: 17.62 | 涨跌幅: -1.56% | 市场: A股
2025-03-19 14:12:18.532 - INFO - [2025-03-19 14:12:18] [0.00s] 光明乳业(600597) 当前价: 8.64 | 涨跌幅: -1.59% | 市场: A股
2025-03-19 14:15:14.452 - INFO - ------------------------------------ 2025-03-19 14:15:14 ---------------------------------------------- 

2025-03-19 14:15:16.669 - INFO - [2025-03-19 14:15:16] [2.22s] 拓维信息(002261) 当前价: 34.47 | 涨跌幅: -1.43% | 市场: A股
2025-03-19 14:15:17.180 - INFO - [2025-03-19 14:15:17] [0.01s] 浪潮信息(000977) 当前价: 58.97 | 涨跌幅: -1.47% | 市场: A股
2025-03-19 14:15:39.287 - ERROR - Akshare数据获取失败: Cannot connect to host 82.push2.eastmoney.com:443 ssl:default [信号灯超时时间已到]
Traceback (most recent call last):
  File "D:\privategit\Sequoia\venv\lib\site-packages\aiohttp\connector.py", line 1116, in _wrap_create_connection
    sock = await aiohappyeyeballs.start_connection(
  File "D:\privategit\Sequoia\venv\lib\site-packages\aiohappyeyeballs\impl.py", line 122, in start_connection
    raise first_exception
  File "D:\privategit\Sequoia\venv\lib\site-packages\aiohappyeyeballs\impl.py", line 73, in start_connection
    sock = await _connect_sock(
  File "D:\privategit\Sequoia\venv\lib\site-packages\aiohappyeyeballs\impl.py", line 208, in _connect_sock
    await loop.sock_connect(sock, address)
  File "D:\tools\pyenvwin\pyenv-win\versions\3.10.11\lib\asyncio\proactor_events.py", line 709, in sock_connect
    return await self._proactor.connect(sock, address)
  File "D:\tools\pyenvwin\pyenv-win\versions\3.10.11\lib\asyncio\windows_events.py", line 826, in _poll
    value = callback(transferred, key, ov)
  File "D:\tools\pyenvwin\pyenv-win\versions\3.10.11\lib\asyncio\windows_events.py", line 613, in finish_connect
    ov.getresult()
OSError: [WinError 121] 信号灯超时时间已到

The above exception was the direct cause of the following exception:

Traceback (most recent call last):
  File "D:\privategit\Sequoia\tests\stock_tool.py", line 191, in get_cached_stock_data
    df = ak.stock_zh_a_spot_em()
  File "D:\privategit\Sequoia\venv\lib\site-packages\akshare\stock_a\stock_zh_a_spot.py", line 229, in stock_zh_a_spot_em
    return asyncio.run(stock_zh_a_spot_em_async())
  File "D:\tools\pyenvwin\pyenv-win\versions\3.10.11\lib\asyncio\runners.py", line 44, in run
    return loop.run_until_complete(main)
  File "D:\tools\pyenvwin\pyenv-win\versions\3.10.11\lib\asyncio\base_events.py", line 649, in run_until_complete
    return future.result()
  File "D:\privategit\Sequoia\venv\lib\site-packages\akshare\stock_a\stock_zh_a_spot.py", line 218, in stock_zh_a_spot_em_async
    results = await fetch_all_pages_async(url, params)
  File "D:\privategit\Sequoia\venv\lib\site-packages\akshare\stock_a\stock_zh_a_spot.py", line 53, in fetch_all_pages_async
    results = await asyncio.gather(*tasks)
  File "D:\privategit\Sequoia\venv\lib\site-packages\akshare\stock_a\stock_zh_a_spot.py", line 21, in fetch_single_page
    async with session.get(url, params=params) as response:
  File "D:\privategit\Sequoia\venv\lib\site-packages\aiohttp\client.py", line 1425, in __aenter__
    self._resp: _RetType = await self._coro
  File "D:\privategit\Sequoia\venv\lib\site-packages\aiohttp\client.py", line 703, in _request
    conn = await self._connector.connect(
  File "D:\privategit\Sequoia\venv\lib\site-packages\aiohttp\connector.py", line 548, in connect
    proto = await self._create_connection(req, traces, timeout)
  File "D:\privategit\Sequoia\venv\lib\site-packages\aiohttp\connector.py", line 1056, in _create_connection
    _, proto = await self._create_direct_connection(req, traces, timeout)
  File "D:\privategit\Sequoia\venv\lib\site-packages\aiohttp\connector.py", line 1411, in _create_direct_connection
    raise last_exc
  File "D:\privategit\Sequoia\venv\lib\site-packages\aiohttp\connector.py", line 1380, in _create_direct_connection
    transp, proto = await self._wrap_create_connection(
  File "D:\privategit\Sequoia\venv\lib\site-packages\aiohttp\connector.py", line 1135, in _wrap_create_connection
    raise client_error(req.connection_key, exc) from exc
aiohttp.client_exceptions.ClientConnectorError: Cannot connect to host 82.push2.eastmoney.com:443 ssl:default [信号灯超时时间已到]
2025-03-19 14:15:40.984 - INFO - [2025-03-19 14:15:40] [23.30s] 东湖高新(600133) 当前价: 10.09 | 涨跌幅: -1.56% | 市场: sh
2025-03-19 14:15:43.142 - INFO - [2025-03-19 14:15:43] [1.65s] 用友网络(600588) 当前价: 16.61 | 涨跌幅: -3.09% | 市场: sh
2025-03-19 14:15:45.303 - INFO - [2025-03-19 14:15:45] [1.65s] 隆基绿能(601012) 当前价: 17.61 | 涨跌幅: -1.62% | 市场: sh
2025-03-19 14:15:47.445 - INFO - [2025-03-19 14:15:47] [1.63s] 光明乳业(600597) 当前价: 8.63 | 涨跌幅: -1.71% | 市场: sh
2025-03-19 14:18:14.459 - INFO - ------------------------------------ 2025-03-19 14:18:14 ---------------------------------------------- 

2025-03-19 14:18:16.216 - INFO - [2025-03-19 14:18:16] [1.76s] 拓维信息(002261) 当前价: 34.34 | 涨跌幅: -1.8% | 市场: A股
2025-03-19 14:18:16.732 - INFO - [2025-03-19 14:18:16] [0.00s] 浪潮信息(000977) 当前价: 58.88 | 涨跌幅: -1.62% | 市场: A股
2025-03-19 14:18:18.900 - INFO - [2025-03-19 14:18:18] [1.67s] 东湖高新(600133) 当前价: 10.08 | 涨跌幅: -1.66% | 市场: A股
2025-03-19 14:18:19.406 - INFO - [2025-03-19 14:18:19] [0.00s] 用友网络(600588) 当前价: 16.58 | 涨跌幅: -3.27% | 市场: A股
2025-03-19 14:18:19.921 - INFO - [2025-03-19 14:18:19] [0.01s] 隆基绿能(601012) 当前价: 17.6 | 涨跌幅: -1.68% | 市场: A股
2025-03-19 14:18:20.428 - INFO - [2025-03-19 14:18:20] [0.00s] 光明乳业(600597) 当前价: 8.63 | 涨跌幅: -1.71% | 市场: A股
2025-03-19 14:21:14.469 - INFO - ------------------------------------ 2025-03-19 14:21:14 ---------------------------------------------- 

2025-03-19 14:21:16.016 - INFO - [2025-03-19 14:21:16] [1.55s] 拓维信息(002261) 当前价: 34.33 | 涨跌幅: -1.83% | 市场: A股
2025-03-19 14:21:16.520 - INFO - [2025-03-19 14:21:16] [0.00s] 浪潮信息(000977) 当前价: 58.94 | 涨跌幅: -1.52% | 市场: A股
2025-03-19 14:21:18.300 - INFO - [2025-03-19 14:21:18] [1.27s] 东湖高新(600133) 当前价: 10.09 | 涨跌幅: -1.56% | 市场: A股
2025-03-19 14:21:18.805 - INFO - [2025-03-19 14:21:18] [0.00s] 用友网络(600588) 当前价: 16.6 | 涨跌幅: -3.15% | 市场: A股
2025-03-19 14:21:19.309 - INFO - [2025-03-19 14:21:19] [0.00s] 隆基绿能(601012) 当前价: 17.63 | 涨跌幅: -1.51% | 市场: A股
2025-03-19 14:21:19.812 - INFO - [2025-03-19 14:21:19] [0.00s] 光明乳业(600597) 当前价: 8.63 | 涨跌幅: -1.71% | 市场: A股
2025-03-19 14:24:14.479 - INFO - ------------------------------------ 2025-03-19 14:24:14 ---------------------------------------------- 

2025-03-19 14:24:15.654 - INFO - [2025-03-19 14:24:15] [1.17s] 拓维信息(002261) 当前价: 34.34 | 涨跌幅: -1.8% | 市场: A股
2025-03-19 14:24:16.166 - INFO - [2025-03-19 14:24:16] [0.00s] 浪潮信息(000977) 当前价: 58.91 | 涨跌幅: -1.57% | 市场: A股
2025-03-19 14:24:18.885 - INFO - [2025-03-19 14:24:18] [2.21s] 东湖高新(600133) 当前价: 10.08 | 涨跌幅: -1.66% | 市场: A股
2025-03-19 14:24:19.399 - INFO - [2025-03-19 14:24:19] [0.00s] 用友网络(600588) 当前价: 16.62 | 涨跌幅: -3.03% | 市场: A股
2025-03-19 14:24:19.916 - INFO - [2025-03-19 14:24:19] [0.00s] 隆基绿能(601012) 当前价: 17.63 | 涨跌幅: -1.51% | 市场: A股
2025-03-19 14:27:14.486 - INFO - ------------------------------------ 2025-03-19 14:27:14 ---------------------------------------------- 

2025-03-19 14:27:15.407 - INFO - [2025-03-19 14:27:15] [0.92s] 拓维信息(002261) 当前价: 34.37 | 涨跌幅: -1.72% | 市场: A股
2025-03-19 14:27:15.917 - INFO - [2025-03-19 14:27:15] [0.01s] 浪潮信息(000977) 当前价: 58.9 | 涨跌幅: -1.59% | 市场: A股
2025-03-19 14:27:17.625 - INFO - [2025-03-19 14:27:17] [1.20s] 东湖高新(600133) 当前价: 10.07 | 涨跌幅: -1.76% | 市场: A股
2025-03-19 14:27:18.135 - INFO - [2025-03-19 14:27:18] [0.00s] 用友网络(600588) 当前价: 16.62 | 涨跌幅: -3.03% | 市场: A股
2025-03-19 14:27:18.649 - INFO - [2025-03-19 14:27:18] [0.00s] 隆基绿能(601012) 当前价: 17.63 | 涨跌幅: -1.51% | 市场: A股
2025-03-19 14:27:19.164 - INFO - [2025-03-19 14:27:19] [0.00s] 光明乳业(600597) 当前价: 8.64 | 涨跌幅: -1.59% | 市场: A股
2025-03-19 14:30:14.501 - INFO - ------------------------------------ 2025-03-19 14:30:14 ---------------------------------------------- 

2025-03-19 14:30:35.781 - ERROR - Akshare数据获取失败: Cannot connect to host 82.push2.eastmoney.com:443 ssl:default [信号灯超时时间已到]
Traceback (most recent call last):
  File "D:\privategit\Sequoia\venv\lib\site-packages\aiohttp\connector.py", line 1116, in _wrap_create_connection
    sock = await aiohappyeyeballs.start_connection(
  File "D:\privategit\Sequoia\venv\lib\site-packages\aiohappyeyeballs\impl.py", line 122, in start_connection
    raise first_exception
  File "D:\privategit\Sequoia\venv\lib\site-packages\aiohappyeyeballs\impl.py", line 73, in start_connection
    sock = await _connect_sock(
  File "D:\privategit\Sequoia\venv\lib\site-packages\aiohappyeyeballs\impl.py", line 208, in _connect_sock
    await loop.sock_connect(sock, address)
  File "D:\tools\pyenvwin\pyenv-win\versions\3.10.11\lib\asyncio\proactor_events.py", line 709, in sock_connect
    return await self._proactor.connect(sock, address)
  File "D:\tools\pyenvwin\pyenv-win\versions\3.10.11\lib\asyncio\windows_events.py", line 826, in _poll
    value = callback(transferred, key, ov)
  File "D:\tools\pyenvwin\pyenv-win\versions\3.10.11\lib\asyncio\windows_events.py", line 613, in finish_connect
    ov.getresult()
OSError: [WinError 121] 信号灯超时时间已到

The above exception was the direct cause of the following exception:

Traceback (most recent call last):
  File "D:\privategit\Sequoia\tests\stock_tool.py", line 191, in get_cached_stock_data
    df = ak.stock_zh_a_spot_em()
  File "D:\privategit\Sequoia\venv\lib\site-packages\akshare\stock_a\stock_zh_a_spot.py", line 229, in stock_zh_a_spot_em
    return asyncio.run(stock_zh_a_spot_em_async())
  File "D:\tools\pyenvwin\pyenv-win\versions\3.10.11\lib\asyncio\runners.py", line 44, in run
    return loop.run_until_complete(main)
  File "D:\tools\pyenvwin\pyenv-win\versions\3.10.11\lib\asyncio\base_events.py", line 649, in run_until_complete
    return future.result()
  File "D:\privategit\Sequoia\venv\lib\site-packages\akshare\stock_a\stock_zh_a_spot.py", line 218, in stock_zh_a_spot_em_async
    results = await fetch_all_pages_async(url, params)
  File "D:\privategit\Sequoia\venv\lib\site-packages\akshare\stock_a\stock_zh_a_spot.py", line 53, in fetch_all_pages_async
    results = await asyncio.gather(*tasks)
  File "D:\privategit\Sequoia\venv\lib\site-packages\akshare\stock_a\stock_zh_a_spot.py", line 21, in fetch_single_page
    async with session.get(url, params=params) as response:
  File "D:\privategit\Sequoia\venv\lib\site-packages\aiohttp\client.py", line 1425, in __aenter__
    self._resp: _RetType = await self._coro
  File "D:\privategit\Sequoia\venv\lib\site-packages\aiohttp\client.py", line 703, in _request
    conn = await self._connector.connect(
  File "D:\privategit\Sequoia\venv\lib\site-packages\aiohttp\connector.py", line 548, in connect
    proto = await self._create_connection(req, traces, timeout)
  File "D:\privategit\Sequoia\venv\lib\site-packages\aiohttp\connector.py", line 1056, in _create_connection
    _, proto = await self._create_direct_connection(req, traces, timeout)
  File "D:\privategit\Sequoia\venv\lib\site-packages\aiohttp\connector.py", line 1411, in _create_direct_connection
    raise last_exc
  File "D:\privategit\Sequoia\venv\lib\site-packages\aiohttp\connector.py", line 1380, in _create_direct_connection
    transp, proto = await self._wrap_create_connection(
  File "D:\privategit\Sequoia\venv\lib\site-packages\aiohttp\connector.py", line 1135, in _wrap_create_connection
    raise client_error(req.connection_key, exc) from exc
aiohttp.client_exceptions.ClientConnectorError: Cannot connect to host 82.push2.eastmoney.com:443 ssl:default [信号灯超时时间已到]
2025-03-19 14:30:37.458 - INFO - [2025-03-19 14:30:37] [22.96s] 拓维信息(002261) 当前价: 34.4 | 涨跌幅: -1.63% | 市场: sz
2025-03-19 14:30:39.635 - INFO - [2025-03-19 14:30:39] [1.66s] 浪潮信息(000977) 当前价: 58.9 | 涨跌幅: -1.59% | 市场: sz
2025-03-19 14:30:41.340 - INFO - [2025-03-19 14:30:41] [1.20s] 东湖高新(600133) 当前价: 10.07 | 涨跌幅: -1.76% | 市场: A股
2025-03-19 14:30:41.853 - INFO - [2025-03-19 14:30:41] [0.00s] 用友网络(600588) 当前价: 16.62 | 涨跌幅: -3.03% | 市场: A股
2025-03-19 14:30:42.367 - INFO - [2025-03-19 14:30:42] [0.00s] 隆基绿能(601012) 当前价: 17.64 | 涨跌幅: -1.45% | 市场: A股
2025-03-19 14:30:42.885 - INFO - [2025-03-19 14:30:42] [0.00s] 光明乳业(600597) 当前价: 8.63 | 涨跌幅: -1.71% | 市场: A股
2025-03-19 14:33:14.508 - INFO - ------------------------------------ 2025-03-19 14:33:14 ---------------------------------------------- 

2025-03-19 14:33:35.670 - ERROR - Akshare数据获取失败: Cannot connect to host 82.push2.eastmoney.com:443 ssl:default [信号灯超时时间已到]
Traceback (most recent call last):
  File "D:\privategit\Sequoia\venv\lib\site-packages\aiohttp\connector.py", line 1116, in _wrap_create_connection
    sock = await aiohappyeyeballs.start_connection(
  File "D:\privategit\Sequoia\venv\lib\site-packages\aiohappyeyeballs\impl.py", line 122, in start_connection
    raise first_exception
  File "D:\privategit\Sequoia\venv\lib\site-packages\aiohappyeyeballs\impl.py", line 73, in start_connection
    sock = await _connect_sock(
  File "D:\privategit\Sequoia\venv\lib\site-packages\aiohappyeyeballs\impl.py", line 208, in _connect_sock
    await loop.sock_connect(sock, address)
  File "D:\tools\pyenvwin\pyenv-win\versions\3.10.11\lib\asyncio\proactor_events.py", line 709, in sock_connect
    return await self._proactor.connect(sock, address)
  File "D:\tools\pyenvwin\pyenv-win\versions\3.10.11\lib\asyncio\windows_events.py", line 826, in _poll
    value = callback(transferred, key, ov)
  File "D:\tools\pyenvwin\pyenv-win\versions\3.10.11\lib\asyncio\windows_events.py", line 613, in finish_connect
    ov.getresult()
OSError: [WinError 121] 信号灯超时时间已到

The above exception was the direct cause of the following exception:

Traceback (most recent call last):
  File "D:\privategit\Sequoia\tests\stock_tool.py", line 191, in get_cached_stock_data
    df = ak.stock_zh_a_spot_em()
  File "D:\privategit\Sequoia\venv\lib\site-packages\akshare\stock_a\stock_zh_a_spot.py", line 229, in stock_zh_a_spot_em
    return asyncio.run(stock_zh_a_spot_em_async())
  File "D:\tools\pyenvwin\pyenv-win\versions\3.10.11\lib\asyncio\runners.py", line 44, in run
    return loop.run_until_complete(main)
  File "D:\tools\pyenvwin\pyenv-win\versions\3.10.11\lib\asyncio\base_events.py", line 649, in run_until_complete
    return future.result()
  File "D:\privategit\Sequoia\venv\lib\site-packages\akshare\stock_a\stock_zh_a_spot.py", line 218, in stock_zh_a_spot_em_async
    results = await fetch_all_pages_async(url, params)
  File "D:\privategit\Sequoia\venv\lib\site-packages\akshare\stock_a\stock_zh_a_spot.py", line 53, in fetch_all_pages_async
    results = await asyncio.gather(*tasks)
  File "D:\privategit\Sequoia\venv\lib\site-packages\akshare\stock_a\stock_zh_a_spot.py", line 21, in fetch_single_page
    async with session.get(url, params=params) as response:
  File "D:\privategit\Sequoia\venv\lib\site-packages\aiohttp\client.py", line 1425, in __aenter__
    self._resp: _RetType = await self._coro
  File "D:\privategit\Sequoia\venv\lib\site-packages\aiohttp\client.py", line 703, in _request
    conn = await self._connector.connect(
  File "D:\privategit\Sequoia\venv\lib\site-packages\aiohttp\connector.py", line 548, in connect
    proto = await self._create_connection(req, traces, timeout)
  File "D:\privategit\Sequoia\venv\lib\site-packages\aiohttp\connector.py", line 1056, in _create_connection
    _, proto = await self._create_direct_connection(req, traces, timeout)
  File "D:\privategit\Sequoia\venv\lib\site-packages\aiohttp\connector.py", line 1411, in _create_direct_connection
    raise last_exc
  File "D:\privategit\Sequoia\venv\lib\site-packages\aiohttp\connector.py", line 1380, in _create_direct_connection
    transp, proto = await self._wrap_create_connection(
  File "D:\privategit\Sequoia\venv\lib\site-packages\aiohttp\connector.py", line 1135, in _wrap_create_connection
    raise client_error(req.connection_key, exc) from exc
aiohttp.client_exceptions.ClientConnectorError: Cannot connect to host 82.push2.eastmoney.com:443 ssl:default [信号灯超时时间已到]
2025-03-19 14:33:37.340 - INFO - [2025-03-19 14:33:37] [22.83s] 拓维信息(002261) 当前价: 34.39 | 涨跌幅: -1.66% | 市场: sz
2025-03-19 14:33:39.520 - INFO - [2025-03-19 14:33:39] [1.66s] 浪潮信息(000977) 当前价: 58.89 | 涨跌幅: -1.6% | 市场: sz
2025-03-19 14:33:40.830 - INFO - [2025-03-19 14:33:40] [0.80s] 东湖高新(600133) 当前价: 10.07 | 涨跌幅: -1.76% | 市场: A股
2025-03-19 14:33:41.334 - INFO - [2025-03-19 14:33:41] [0.00s] 用友网络(600588) 当前价: 16.63 | 涨跌幅: -2.98% | 市场: A股
2025-03-19 14:33:41.849 - INFO - [2025-03-19 14:33:41] [0.00s] 隆基绿能(601012) 当前价: 17.63 | 涨跌幅: -1.51% | 市场: A股
2025-03-19 14:33:42.369 - INFO - [2025-03-19 14:33:42] [0.00s] 光明乳业(600597) 当前价: 8.64 | 涨跌幅: -1.59% | 市场: A股
2025-03-19 14:36:14.517 - INFO - ------------------------------------ 2025-03-19 14:36:14 ---------------------------------------------- 

2025-03-19 14:36:15.852 - INFO - [2025-03-19 14:36:15] [1.34s] 拓维信息(002261) 当前价: 34.31 | 涨跌幅: -1.89% | 市场: A股
2025-03-19 14:36:16.374 - INFO - [2025-03-19 14:36:16] [0.01s] 浪潮信息(000977) 当前价: 58.9 | 涨跌幅: -1.59% | 市场: A股
2025-03-19 14:36:18.146 - INFO - [2025-03-19 14:36:18] [1.26s] 东湖高新(600133) 当前价: 10.06 | 涨跌幅: -1.85% | 市场: A股
2025-03-19 14:36:18.664 - INFO - [2025-03-19 14:36:18] [0.00s] 用友网络(600588) 当前价: 16.63 | 涨跌幅: -2.98% | 市场: A股
2025-03-19 14:36:19.178 - INFO - [2025-03-19 14:36:19] [0.00s] 隆基绿能(601012) 当前价: 17.64 | 涨跌幅: -1.45% | 市场: A股
2025-03-19 14:36:19.692 - INFO - [2025-03-19 14:36:19] [0.01s] 光明乳业(600597) 当前价: 8.63 | 涨跌幅: -1.71% | 市场: A股
2025-03-19 14:39:14.519 - INFO - ------------------------------------ 2025-03-19 14:39:14 ---------------------------------------------- 

2025-03-19 14:39:15.941 - INFO - [2025-03-19 14:39:15] [1.42s] 拓维信息(002261) 当前价: 34.28 | 涨跌幅: -1.97% | 市场: A股
2025-03-19 14:39:16.454 - INFO - [2025-03-19 14:39:16] [0.00s] 浪潮信息(000977) 当前价: 58.91 | 涨跌幅: -1.57% | 市场: A股
2025-03-19 14:39:18.235 - INFO - [2025-03-19 14:39:18] [1.28s] 东湖高新(600133) 当前价: 10.06 | 涨跌幅: -1.85% | 市场: A股
2025-03-19 14:39:18.744 - INFO - [2025-03-19 14:39:18] [0.00s] 用友网络(600588) 当前价: 16.61 | 涨跌幅: -3.09% | 市场: A股
2025-03-19 14:39:19.254 - INFO - [2025-03-19 14:39:19] [0.00s] 隆基绿能(601012) 当前价: 17.63 | 涨跌幅: -1.51% | 市场: A股
2025-03-19 14:39:19.764 - INFO - [2025-03-19 14:39:19] [0.00s] 光明乳业(600597) 当前价: 8.63 | 涨跌幅: -1.71% | 市场: A股
2025-03-19 14:42:14.530 - INFO - ------------------------------------ 2025-03-19 14:42:14 ---------------------------------------------- 

2025-03-19 14:42:15.856 - INFO - [2025-03-19 14:42:15] [1.33s] 拓维信息(002261) 当前价: 34.17 | 涨跌幅: -2.29% | 市场: A股
2025-03-19 14:42:16.371 - INFO - [2025-03-19 14:42:16] [0.00s] 浪潮信息(000977) 当前价: 58.86 | 涨跌幅: -1.65% | 市场: A股
2025-03-19 14:42:17.811 - INFO - [2025-03-19 14:42:17] [0.93s] 东湖高新(600133) 当前价: 10.04 | 涨跌幅: -2.05% | 市场: A股
2025-03-19 14:42:18.324 - INFO - [2025-03-19 14:42:18] [0.00s] 用友网络(600588) 当前价: 16.57 | 涨跌幅: -3.33% | 市场: A股
2025-03-19 14:42:18.830 - INFO - [2025-03-19 14:42:18] [0.00s] 隆基绿能(601012) 当前价: 17.63 | 涨跌幅: -1.51% | 市场: A股
2025-03-19 14:42:19.346 - INFO - [2025-03-19 14:42:19] [0.01s] 光明乳业(600597) 当前价: 8.63 | 涨跌幅: -1.71% | 市场: A股
2025-03-19 14:45:14.537 - INFO - ------------------------------------ 2025-03-19 14:45:14 ---------------------------------------------- 

2025-03-19 14:45:15.355 - INFO - [2025-03-19 14:45:15] [0.82s] 拓维信息(002261) 当前价: 34.36 | 涨跌幅: -1.74% | 市场: A股
2025-03-19 14:45:15.862 - INFO - [2025-03-19 14:45:15] [0.00s] 浪潮信息(000977) 当前价: 59.04 | 涨跌幅: -1.35% | 市场: A股
2025-03-19 14:45:37.656 - ERROR - Akshare数据获取失败: Cannot connect to host 82.push2.eastmoney.com:443 ssl:default [信号灯超时时间已到]
Traceback (most recent call last):
  File "D:\privategit\Sequoia\venv\lib\site-packages\aiohttp\connector.py", line 1116, in _wrap_create_connection
    sock = await aiohappyeyeballs.start_connection(
  File "D:\privategit\Sequoia\venv\lib\site-packages\aiohappyeyeballs\impl.py", line 122, in start_connection
    raise first_exception
  File "D:\privategit\Sequoia\venv\lib\site-packages\aiohappyeyeballs\impl.py", line 73, in start_connection
    sock = await _connect_sock(
  File "D:\privategit\Sequoia\venv\lib\site-packages\aiohappyeyeballs\impl.py", line 208, in _connect_sock
    await loop.sock_connect(sock, address)
  File "D:\tools\pyenvwin\pyenv-win\versions\3.10.11\lib\asyncio\proactor_events.py", line 709, in sock_connect
    return await self._proactor.connect(sock, address)
  File "D:\tools\pyenvwin\pyenv-win\versions\3.10.11\lib\asyncio\windows_events.py", line 826, in _poll
    value = callback(transferred, key, ov)
  File "D:\tools\pyenvwin\pyenv-win\versions\3.10.11\lib\asyncio\windows_events.py", line 613, in finish_connect
    ov.getresult()
OSError: [WinError 121] 信号灯超时时间已到

The above exception was the direct cause of the following exception:

Traceback (most recent call last):
  File "D:\privategit\Sequoia\tests\stock_tool.py", line 191, in get_cached_stock_data
    df = ak.stock_zh_a_spot_em()
  File "D:\privategit\Sequoia\venv\lib\site-packages\akshare\stock_a\stock_zh_a_spot.py", line 229, in stock_zh_a_spot_em
    return asyncio.run(stock_zh_a_spot_em_async())
  File "D:\tools\pyenvwin\pyenv-win\versions\3.10.11\lib\asyncio\runners.py", line 44, in run
    return loop.run_until_complete(main)
  File "D:\tools\pyenvwin\pyenv-win\versions\3.10.11\lib\asyncio\base_events.py", line 649, in run_until_complete
    return future.result()
  File "D:\privategit\Sequoia\venv\lib\site-packages\akshare\stock_a\stock_zh_a_spot.py", line 218, in stock_zh_a_spot_em_async
    results = await fetch_all_pages_async(url, params)
  File "D:\privategit\Sequoia\venv\lib\site-packages\akshare\stock_a\stock_zh_a_spot.py", line 53, in fetch_all_pages_async
    results = await asyncio.gather(*tasks)
  File "D:\privategit\Sequoia\venv\lib\site-packages\akshare\stock_a\stock_zh_a_spot.py", line 21, in fetch_single_page
    async with session.get(url, params=params) as response:
  File "D:\privategit\Sequoia\venv\lib\site-packages\aiohttp\client.py", line 1425, in __aenter__
    self._resp: _RetType = await self._coro
  File "D:\privategit\Sequoia\venv\lib\site-packages\aiohttp\client.py", line 703, in _request
    conn = await self._connector.connect(
  File "D:\privategit\Sequoia\venv\lib\site-packages\aiohttp\connector.py", line 548, in connect
    proto = await self._create_connection(req, traces, timeout)
  File "D:\privategit\Sequoia\venv\lib\site-packages\aiohttp\connector.py", line 1056, in _create_connection
    _, proto = await self._create_direct_connection(req, traces, timeout)
  File "D:\privategit\Sequoia\venv\lib\site-packages\aiohttp\connector.py", line 1411, in _create_direct_connection
    raise last_exc
  File "D:\privategit\Sequoia\venv\lib\site-packages\aiohttp\connector.py", line 1380, in _create_direct_connection
    transp, proto = await self._wrap_create_connection(
  File "D:\privategit\Sequoia\venv\lib\site-packages\aiohttp\connector.py", line 1135, in _wrap_create_connection
    raise client_error(req.connection_key, exc) from exc
aiohttp.client_exceptions.ClientConnectorError: Cannot connect to host 82.push2.eastmoney.com:443 ssl:default [信号灯超时时间已到]
2025-03-19 14:45:39.295 - INFO - [2025-03-19 14:45:39] [22.93s] 东湖高新(600133) 当前价: 10.05 | 涨跌幅: -1.95% | 市场: sh
2025-03-19 14:45:41.436 - INFO - [2025-03-19 14:45:41] [1.63s] 用友网络(600588) 当前价: 16.63 | 涨跌幅: -2.98% | 市场: sh
2025-03-19 14:45:43.578 - INFO - [2025-03-19 14:45:43] [1.64s] 隆基绿能(601012) 当前价: 17.66 | 涨跌幅: -1.34% | 市场: sh
2025-03-19 14:45:45.725 - INFO - [2025-03-19 14:45:45] [1.65s] 光明乳业(600597) 当前价: 8.63 | 涨跌幅: -1.71% | 市场: sh
2025-03-19 14:48:14.548 - INFO - ------------------------------------ 2025-03-19 14:48:14 ---------------------------------------------- 

2025-03-19 14:48:15.273 - INFO - [2025-03-19 14:48:15] [0.72s] 拓维信息(002261) 当前价: 34.28 | 涨跌幅: -1.97% | 市场: A股
2025-03-19 14:48:15.779 - INFO - [2025-03-19 14:48:15] [0.00s] 浪潮信息(000977) 当前价: 59.0 | 涨跌幅: -1.42% | 市场: A股
2025-03-19 14:48:37.450 - ERROR - Akshare数据获取失败: Cannot connect to host 82.push2.eastmoney.com:443 ssl:default [信号灯超时时间已到]
Traceback (most recent call last):
  File "D:\privategit\Sequoia\venv\lib\site-packages\aiohttp\connector.py", line 1116, in _wrap_create_connection
    sock = await aiohappyeyeballs.start_connection(
  File "D:\privategit\Sequoia\venv\lib\site-packages\aiohappyeyeballs\impl.py", line 122, in start_connection
    raise first_exception
  File "D:\privategit\Sequoia\venv\lib\site-packages\aiohappyeyeballs\impl.py", line 73, in start_connection
    sock = await _connect_sock(
  File "D:\privategit\Sequoia\venv\lib\site-packages\aiohappyeyeballs\impl.py", line 208, in _connect_sock
    await loop.sock_connect(sock, address)
  File "D:\tools\pyenvwin\pyenv-win\versions\3.10.11\lib\asyncio\proactor_events.py", line 709, in sock_connect
    return await self._proactor.connect(sock, address)
  File "D:\tools\pyenvwin\pyenv-win\versions\3.10.11\lib\asyncio\windows_events.py", line 826, in _poll
    value = callback(transferred, key, ov)
  File "D:\tools\pyenvwin\pyenv-win\versions\3.10.11\lib\asyncio\windows_events.py", line 613, in finish_connect
    ov.getresult()
OSError: [WinError 121] 信号灯超时时间已到

The above exception was the direct cause of the following exception:

Traceback (most recent call last):
  File "D:\privategit\Sequoia\tests\stock_tool.py", line 191, in get_cached_stock_data
    df = ak.stock_zh_a_spot_em()
  File "D:\privategit\Sequoia\venv\lib\site-packages\akshare\stock_a\stock_zh_a_spot.py", line 229, in stock_zh_a_spot_em
    return asyncio.run(stock_zh_a_spot_em_async())
  File "D:\tools\pyenvwin\pyenv-win\versions\3.10.11\lib\asyncio\runners.py", line 44, in run
    return loop.run_until_complete(main)
  File "D:\tools\pyenvwin\pyenv-win\versions\3.10.11\lib\asyncio\base_events.py", line 649, in run_until_complete
    return future.result()
  File "D:\privategit\Sequoia\venv\lib\site-packages\akshare\stock_a\stock_zh_a_spot.py", line 218, in stock_zh_a_spot_em_async
    results = await fetch_all_pages_async(url, params)
  File "D:\privategit\Sequoia\venv\lib\site-packages\akshare\stock_a\stock_zh_a_spot.py", line 53, in fetch_all_pages_async
    results = await asyncio.gather(*tasks)
  File "D:\privategit\Sequoia\venv\lib\site-packages\akshare\stock_a\stock_zh_a_spot.py", line 21, in fetch_single_page
    async with session.get(url, params=params) as response:
  File "D:\privategit\Sequoia\venv\lib\site-packages\aiohttp\client.py", line 1425, in __aenter__
    self._resp: _RetType = await self._coro
  File "D:\privategit\Sequoia\venv\lib\site-packages\aiohttp\client.py", line 703, in _request
    conn = await self._connector.connect(
  File "D:\privategit\Sequoia\venv\lib\site-packages\aiohttp\connector.py", line 548, in connect
    proto = await self._create_connection(req, traces, timeout)
  File "D:\privategit\Sequoia\venv\lib\site-packages\aiohttp\connector.py", line 1056, in _create_connection
    _, proto = await self._create_direct_connection(req, traces, timeout)
  File "D:\privategit\Sequoia\venv\lib\site-packages\aiohttp\connector.py", line 1411, in _create_direct_connection
    raise last_exc
  File "D:\privategit\Sequoia\venv\lib\site-packages\aiohttp\connector.py", line 1380, in _create_direct_connection
    transp, proto = await self._wrap_create_connection(
  File "D:\privategit\Sequoia\venv\lib\site-packages\aiohttp\connector.py", line 1135, in _wrap_create_connection
    raise client_error(req.connection_key, exc) from exc
aiohttp.client_exceptions.ClientConnectorError: Cannot connect to host 82.push2.eastmoney.com:443 ssl:default [信号灯超时时间已到]
2025-03-19 14:48:39.167 - INFO - [2025-03-19 14:48:39] [22.88s] 东湖高新(600133) 当前价: 10.06 | 涨跌幅: -1.85% | 市场: sh
2025-03-19 14:48:41.314 - INFO - [2025-03-19 14:48:41] [1.64s] 用友网络(600588) 当前价: 16.61 | 涨跌幅: -3.09% | 市场: sh
2025-03-19 14:48:43.470 - INFO - [2025-03-19 14:48:43] [1.64s] 隆基绿能(601012) 当前价: 17.65 | 涨跌幅: -1.4% | 市场: sh
2025-03-19 14:48:45.649 - INFO - [2025-03-19 14:48:45] [1.67s] 光明乳业(600597) 当前价: 8.65 | 涨跌幅: -1.48% | 市场: sh
2025-03-19 14:51:14.551 - INFO - ------------------------------------ 2025-03-19 14:51:14 ---------------------------------------------- 

2025-03-19 14:51:15.300 - INFO - [2025-03-19 14:51:15] [0.75s] 拓维信息(002261) 当前价: 34.27 | 涨跌幅: -2.0% | 市场: A股
2025-03-19 14:51:15.810 - INFO - [2025-03-19 14:51:15] [0.00s] 浪潮信息(000977) 当前价: 59.01 | 涨跌幅: -1.4% | 市场: A股
2025-03-19 14:51:17.076 - INFO - [2025-03-19 14:51:17] [0.76s] 东湖高新(600133) 当前价: 10.08 | 涨跌幅: -1.66% | 市场: A股
2025-03-19 14:51:17.583 - INFO - [2025-03-19 14:51:17] [0.00s] 用友网络(600588) 当前价: 16.62 | 涨跌幅: -3.03% | 市场: A股
2025-03-19 14:51:18.096 - INFO - [2025-03-19 14:51:18] [0.00s] 隆基绿能(601012) 当前价: 17.66 | 涨跌幅: -1.34% | 市场: A股
2025-03-19 14:51:18.609 - INFO - [2025-03-19 14:51:18] [0.00s] 光明乳业(600597) 当前价: 8.63 | 涨跌幅: -1.71% | 市场: A股
2025-03-19 14:54:14.561 - INFO - ------------------------------------ 2025-03-19 14:54:14 ---------------------------------------------- 

2025-03-19 14:54:35.726 - ERROR - Akshare数据获取失败: Cannot connect to host 82.push2.eastmoney.com:443 ssl:default [信号灯超时时间已到]
Traceback (most recent call last):
  File "D:\privategit\Sequoia\venv\lib\site-packages\aiohttp\connector.py", line 1116, in _wrap_create_connection
    sock = await aiohappyeyeballs.start_connection(
  File "D:\privategit\Sequoia\venv\lib\site-packages\aiohappyeyeballs\impl.py", line 122, in start_connection
    raise first_exception
  File "D:\privategit\Sequoia\venv\lib\site-packages\aiohappyeyeballs\impl.py", line 73, in start_connection
    sock = await _connect_sock(
  File "D:\privategit\Sequoia\venv\lib\site-packages\aiohappyeyeballs\impl.py", line 208, in _connect_sock
    await loop.sock_connect(sock, address)
  File "D:\tools\pyenvwin\pyenv-win\versions\3.10.11\lib\asyncio\proactor_events.py", line 709, in sock_connect
    return await self._proactor.connect(sock, address)
  File "D:\tools\pyenvwin\pyenv-win\versions\3.10.11\lib\asyncio\windows_events.py", line 826, in _poll
    value = callback(transferred, key, ov)
  File "D:\tools\pyenvwin\pyenv-win\versions\3.10.11\lib\asyncio\windows_events.py", line 613, in finish_connect
    ov.getresult()
OSError: [WinError 121] 信号灯超时时间已到

The above exception was the direct cause of the following exception:

Traceback (most recent call last):
  File "D:\privategit\Sequoia\tests\stock_tool.py", line 191, in get_cached_stock_data
    df = ak.stock_zh_a_spot_em()
  File "D:\privategit\Sequoia\venv\lib\site-packages\akshare\stock_a\stock_zh_a_spot.py", line 229, in stock_zh_a_spot_em
    return asyncio.run(stock_zh_a_spot_em_async())
  File "D:\tools\pyenvwin\pyenv-win\versions\3.10.11\lib\asyncio\runners.py", line 44, in run
    return loop.run_until_complete(main)
  File "D:\tools\pyenvwin\pyenv-win\versions\3.10.11\lib\asyncio\base_events.py", line 649, in run_until_complete
    return future.result()
  File "D:\privategit\Sequoia\venv\lib\site-packages\akshare\stock_a\stock_zh_a_spot.py", line 218, in stock_zh_a_spot_em_async
    results = await fetch_all_pages_async(url, params)
  File "D:\privategit\Sequoia\venv\lib\site-packages\akshare\stock_a\stock_zh_a_spot.py", line 53, in fetch_all_pages_async
    results = await asyncio.gather(*tasks)
  File "D:\privategit\Sequoia\venv\lib\site-packages\akshare\stock_a\stock_zh_a_spot.py", line 21, in fetch_single_page
    async with session.get(url, params=params) as response:
  File "D:\privategit\Sequoia\venv\lib\site-packages\aiohttp\client.py", line 1425, in __aenter__
    self._resp: _RetType = await self._coro
  File "D:\privategit\Sequoia\venv\lib\site-packages\aiohttp\client.py", line 703, in _request
    conn = await self._connector.connect(
  File "D:\privategit\Sequoia\venv\lib\site-packages\aiohttp\connector.py", line 548, in connect
    proto = await self._create_connection(req, traces, timeout)
  File "D:\privategit\Sequoia\venv\lib\site-packages\aiohttp\connector.py", line 1056, in _create_connection
    _, proto = await self._create_direct_connection(req, traces, timeout)
  File "D:\privategit\Sequoia\venv\lib\site-packages\aiohttp\connector.py", line 1411, in _create_direct_connection
    raise last_exc
  File "D:\privategit\Sequoia\venv\lib\site-packages\aiohttp\connector.py", line 1380, in _create_direct_connection
    transp, proto = await self._wrap_create_connection(
  File "D:\privategit\Sequoia\venv\lib\site-packages\aiohttp\connector.py", line 1135, in _wrap_create_connection
    raise client_error(req.connection_key, exc) from exc
aiohttp.client_exceptions.ClientConnectorError: Cannot connect to host 82.push2.eastmoney.com:443 ssl:default [信号灯超时时间已到]
2025-03-19 14:54:37.409 - INFO - [2025-03-19 14:54:37] [22.85s] 拓维信息(002261) 当前价: 34.2 | 涨跌幅: -2.2% | 市场: sz
2025-03-19 14:54:39.601 - INFO - [2025-03-19 14:54:39] [1.69s] 浪潮信息(000977) 当前价: 59.04 | 涨跌幅: -1.35% | 市场: sz
2025-03-19 14:54:40.886 - INFO - [2025-03-19 14:54:40] [0.77s] 东湖高新(600133) 当前价: 10.06 | 涨跌幅: -1.85% | 市场: A股
2025-03-19 14:54:41.396 - INFO - [2025-03-19 14:54:41] [0.00s] 用友网络(600588) 当前价: 16.6 | 涨跌幅: -3.15% | 市场: A股
2025-03-19 14:54:41.907 - INFO - [2025-03-19 14:54:41] [0.00s] 隆基绿能(601012) 当前价: 17.66 | 涨跌幅: -1.34% | 市场: A股
2025-03-19 14:54:42.416 - INFO - [2025-03-19 14:54:42] [0.00s] 光明乳业(600597) 当前价: 8.66 | 涨跌幅: -1.37% | 市场: A股
2025-03-19 14:57:14.575 - INFO - ------------------------------------ 2025-03-19 14:57:14 ---------------------------------------------- 

2025-03-19 14:57:15.889 - INFO - [2025-03-19 14:57:15] [1.31s] 拓维信息(002261) 当前价: 34.22 | 涨跌幅: -2.14% | 市场: A股
2025-03-19 14:57:16.399 - INFO - [2025-03-19 14:57:16] [0.01s] 浪潮信息(000977) 当前价: 59.06 | 涨跌幅: -1.32% | 市场: A股
2025-03-19 14:57:18.190 - INFO - [2025-03-19 14:57:18] [1.28s] 东湖高新(600133) 当前价: 10.07 | 涨跌幅: -1.76% | 市场: A股
2025-03-19 14:57:18.705 - INFO - [2025-03-19 14:57:18] [0.01s] 用友网络(600588) 当前价: 16.61 | 涨跌幅: -3.09% | 市场: A股
2025-03-19 14:57:19.214 - INFO - [2025-03-19 14:57:19] [0.00s] 隆基绿能(601012) 当前价: 17.66 | 涨跌幅: -1.34% | 市场: A股
2025-03-19 14:57:19.733 - INFO - [2025-03-19 14:57:19] [0.00s] 光明乳业(600597) 当前价: 8.65 | 涨跌幅: -1.48% | 市场: A股
2025-03-19 15:00:14.588 - INFO - ------------------------------------ 2025-03-19 15:00:14 ---------------------------------------------- 

2025-03-19 15:00:15.519 - INFO - [2025-03-19 15:00:15] [0.93s] 拓维信息(002261) 当前价: 34.21 | 涨跌幅: -2.17% | 市场: A股
2025-03-19 15:00:16.036 - INFO - [2025-03-19 15:00:16] [0.00s] 浪潮信息(000977) 当前价: 59.06 | 涨跌幅: -1.32% | 市场: A股
2025-03-19 15:00:17.378 - INFO - [2025-03-19 15:00:17] [0.83s] 东湖高新(600133) 当前价: 10.07 | 涨跌幅: -1.76% | 市场: A股
2025-03-19 15:00:17.883 - INFO - [2025-03-19 15:00:17] [0.00s] 用友网络(600588) 当前价: 16.61 | 涨跌幅: -3.09% | 市场: A股
2025-03-19 15:00:18.397 - INFO - [2025-03-19 15:00:18] [0.00s] 隆基绿能(601012) 当前价: 17.66 | 涨跌幅: -1.34% | 市场: A股
2025-03-19 15:00:18.917 - INFO - [2025-03-19 15:00:18] [0.01s] 光明乳业(600597) 当前价: 8.65 | 涨跌幅: -1.48% | 市场: A股
2025-03-19 15:03:14.602 - INFO - 非交易时间段，1106分钟后重试...
